<?xml version="1.0" encoding="UTF-8"?>
<testsuite name="com.slow.book.springboot.domain.posts.PostsRepositoryTest" tests="2" skipped="0" failures="0" errors="0" timestamp="2020-03-24T13:42:31" hostname="DESKTOP-R5N5E11" time="0.271">
  <properties/>
  <testcase name="게시글저장_불러오기" classname="com.slow.book.springboot.domain.posts.PostsRepositoryTest" time="0.256"/>
  <testcase name="BaseTimeEntity_등록" classname="com.slow.book.springboot.domain.posts.PostsRepositoryTest" time="0.014"/>
  <system-out><![CDATA[2020-03-24 22:42:26.030  INFO 10676 --- [    Test worker] .b.t.c.SpringBootTestContextBootstrapper : Neither @ContextConfiguration nor @ContextHierarchy found for test class [com.slow.book.springboot.domain.posts.PostsRepositoryTest], using SpringBootContextLoader
2020-03-24 22:42:26.031  INFO 10676 --- [    Test worker] o.s.t.c.support.AbstractContextLoader    : Could not detect default resource locations for test class [com.slow.book.springboot.domain.posts.PostsRepositoryTest]: no resource found for suffixes {-context.xml, Context.groovy}.
2020-03-24 22:42:26.032  INFO 10676 --- [    Test worker] t.c.s.AnnotationConfigContextLoaderUtils : Could not detect default configuration classes for test class [com.slow.book.springboot.domain.posts.PostsRepositoryTest]: PostsRepositoryTest does not declare any static, non-private, non-final, nested classes annotated with @Configuration.
2020-03-24 22:42:26.048  INFO 10676 --- [    Test worker] .b.t.c.SpringBootTestContextBootstrapper : Found @SpringBootConfiguration com.slow.book.springboot.Application for test class com.slow.book.springboot.domain.posts.PostsRepositoryTest
2020-03-24 22:42:26.052  INFO 10676 --- [    Test worker] .b.t.c.SpringBootTestContextBootstrapper : Loaded default TestExecutionListener class names from location [META-INF/spring.factories]: [org.springframework.security.test.context.support.WithSecurityContextTestExecutionListener, org.springframework.security.test.context.support.ReactorContextTestExecutionListener, org.springframework.boot.test.autoconfigure.restdocs.RestDocsTestExecutionListener, org.springframework.boot.test.autoconfigure.web.client.MockRestServiceServerResetTestExecutionListener, org.springframework.boot.test.autoconfigure.web.servlet.MockMvcPrintOnlyOnFailureTestExecutionListener, org.springframework.boot.test.autoconfigure.web.servlet.WebDriverTestExecutionListener, org.springframework.boot.test.mock.mockito.MockitoTestExecutionListener, org.springframework.boot.test.mock.mockito.ResetMocksTestExecutionListener, org.springframework.test.context.web.ServletTestExecutionListener, org.springframework.test.context.support.DirtiesContextBeforeModesTestExecutionListener, org.springframework.test.context.support.DependencyInjectionTestExecutionListener, org.springframework.test.context.support.DirtiesContextTestExecutionListener, org.springframework.test.context.transaction.TransactionalTestExecutionListener, org.springframework.test.context.jdbc.SqlScriptsTestExecutionListener]
2020-03-24 22:42:26.053  INFO 10676 --- [    Test worker] .b.t.c.SpringBootTestContextBootstrapper : Using TestExecutionListeners: [org.springframework.test.context.web.ServletTestExecutionListener@11ae9e73, org.springframework.test.context.support.DirtiesContextBeforeModesTestExecutionListener@3be4bb98, org.springframework.boot.test.mock.mockito.MockitoTestExecutionListener@5a3caa4a, org.springframework.boot.test.autoconfigure.SpringBootDependencyInjectionTestExecutionListener@539d5a8d, org.springframework.test.context.support.DirtiesContextTestExecutionListener@36a50b8b, org.springframework.test.context.transaction.TransactionalTestExecutionListener@28834ebc, org.springframework.test.context.jdbc.SqlScriptsTestExecutionListener@17d2df1c, org.springframework.security.test.context.support.WithSecurityContextTestExecutionListener@2e22a659, org.springframework.security.test.context.support.ReactorContextTestExecutionListener@30c51945, org.springframework.boot.test.autoconfigure.restdocs.RestDocsTestExecutionListener@201574f, org.springframework.boot.test.autoconfigure.web.client.MockRestServiceServerResetTestExecutionListener@3aa522c, org.springframework.boot.test.autoconfigure.web.servlet.MockMvcPrintOnlyOnFailureTestExecutionListener@38012c6e, org.springframework.boot.test.autoconfigure.web.servlet.WebDriverTestExecutionListener@2096051a, org.springframework.boot.test.mock.mockito.ResetMocksTestExecutionListener@28a59568]

  .   ____          _            __ _ _
 /\\ / ___'_ __ _ _(_)_ __  __ _ \ \ \ \
( ( )\___ | '_ | '_| | '_ \/ _` | \ \ \ \
 \\/  ___)| |_)| | | | | || (_| |  ) ) ) )
  '  |____| .__|_| |_|_| |_\__, | / / / /
 =========|_|==============|___/=/_/_/_/
 :: Spring Boot ::        (v2.1.7.RELEASE)

2020-03-24 22:42:26.088  INFO 10676 --- [    Test worker] c.s.b.s.d.posts.PostsRepositoryTest      : Starting PostsRepositoryTest on DESKTOP-R5N5E11 with PID 10676 (started by icet2 in D:\IntelliJ\projects\TestProject2)
2020-03-24 22:42:26.088  INFO 10676 --- [    Test worker] c.s.b.s.d.posts.PostsRepositoryTest      : No active profile set, falling back to default profiles: default
2020-03-24 22:42:26.711  INFO 10676 --- [    Test worker] .s.d.r.c.RepositoryConfigurationDelegate : Bootstrapping Spring Data repositories in DEFAULT mode.
2020-03-24 22:42:26.820  INFO 10676 --- [    Test worker] .s.d.r.c.RepositoryConfigurationDelegate : Finished Spring Data repository scanning in 69ms. Found 2 repository interfaces.
2020-03-24 22:42:27.167  INFO 10676 --- [    Test worker] trationDelegate$BeanPostProcessorChecker : Bean 'org.springframework.transaction.annotation.ProxyTransactionManagementConfiguration' of type [org.springframework.transaction.annotation.ProxyTransactionManagementConfiguration$$EnhancerBySpringCGLIB$$528eaba] is not eligible for getting processed by all BeanPostProcessors (for example: not eligible for auto-proxying)
2020-03-24 22:42:27.372  INFO 10676 --- [    Test worker] com.zaxxer.hikari.HikariDataSource       : HikariPool-1 - Starting...
2020-03-24 22:42:27.647  INFO 10676 --- [    Test worker] com.zaxxer.hikari.HikariDataSource       : HikariPool-1 - Start completed.
2020-03-24 22:42:27.793  INFO 10676 --- [    Test worker] o.hibernate.jpa.internal.util.LogHelper  : HHH000204: Processing PersistenceUnitInfo [
	name: default
	...]
2020-03-24 22:42:27.913  INFO 10676 --- [    Test worker] org.hibernate.Version                    : HHH000412: Hibernate Core {5.3.10.Final}
2020-03-24 22:42:27.914  INFO 10676 --- [    Test worker] org.hibernate.cfg.Environment            : HHH000206: hibernate.properties not found
2020-03-24 22:42:27.996  INFO 10676 --- [    Test worker] o.hibernate.annotations.common.Version   : HCANN000001: Hibernate Commons Annotations {5.0.4.Final}
2020-03-24 22:42:28.170  INFO 10676 --- [    Test worker] org.hibernate.dialect.Dialect            : HHH000400: Using dialect: org.hibernate.dialect.MySQL5InnoDBDialect
Hibernate: drop table if exists posts
Hibernate: drop table if exists user
Hibernate: create table posts (id bigint not null auto_increment, create_date datetime, modified_date datetime, author varchar(255), content TEXT not null, title varchar(500) not null, primary key (id)) engine=InnoDB
Hibernate: create table user (id bigint not null auto_increment, created_date datetime, modified_date datetime, email varchar(255) not null, name varchar(255) not null, picture varchar(255), role varchar(255) not null, primary key (id)) engine=InnoDB
2020-03-24 22:42:29.163  INFO 10676 --- [    Test worker] o.h.t.schema.internal.SchemaCreatorImpl  : HHH000476: Executing import script 'org.hibernate.tool.schema.internal.exec.ScriptSourceInputNonExistentImpl@6bada319'
2020-03-24 22:42:29.166  INFO 10676 --- [    Test worker] j.LocalContainerEntityManagerFactoryBean : Initialized JPA EntityManagerFactory for persistence unit 'default'
2020-03-24 22:42:29.802  INFO 10676 --- [    Test worker] o.h.h.i.QueryTranslatorFactoryInitiator  : HHH000397: Using ASTQueryTranslatorFactory
2020-03-24 22:42:30.191  INFO 10676 --- [    Test worker] o.s.s.web.DefaultSecurityFilterChain     : Creating filter chain: any request, [org.springframework.security.web.context.request.async.WebAsyncManagerIntegrationFilter@4abd15de, org.springframework.security.web.context.SecurityContextPersistenceFilter@4a72ee2a, org.springframework.security.web.header.HeaderWriterFilter@2bb634b6, org.springframework.security.web.authentication.logout.LogoutFilter@19183f68, org.springframework.security.oauth2.client.web.OAuth2AuthorizationRequestRedirectFilter@4a90e3b3, org.springframework.security.oauth2.client.web.OAuth2LoginAuthenticationFilter@489c63, org.springframework.security.web.authentication.ui.DefaultLoginPageGeneratingFilter@44c69a64, org.springframework.security.web.authentication.ui.DefaultLogoutPageGeneratingFilter@4f49c32b, org.springframework.security.web.savedrequest.RequestCacheAwareFilter@4f2d9a97, org.springframework.security.web.servletapi.SecurityContextHolderAwareRequestFilter@55a40440, org.springframework.security.web.authentication.AnonymousAuthenticationFilter@b26e525, org.springframework.security.web.session.SessionManagementFilter@5708cf67, org.springframework.security.web.access.ExceptionTranslationFilter@216487d4, org.springframework.security.web.access.intercept.FilterSecurityInterceptor@39ac43b2]
2020-03-24 22:42:30.761  INFO 10676 --- [    Test worker] o.s.s.concurrent.ThreadPoolTaskExecutor  : Initializing ExecutorService 'applicationTaskExecutor'
2020-03-24 22:42:30.776  WARN 10676 --- [    Test worker] aWebConfiguration$JpaWebMvcConfiguration : spring.jpa.open-in-view is enabled by default. Therefore, database queries may be performed during view rendering. Explicitly configure spring.jpa.open-in-view to disable this warning
2020-03-24 22:42:30.810  INFO 10676 --- [    Test worker] o.s.b.a.w.s.WelcomePageHandlerMapping    : Adding welcome page template: index
2020-03-24 22:42:31.346  INFO 10676 --- [    Test worker] s.a.ScheduledAnnotationBeanPostProcessor : No TaskScheduler/ScheduledExecutorService bean found for scheduled processing
2020-03-24 22:42:31.359  INFO 10676 --- [    Test worker] c.s.b.s.d.posts.PostsRepositoryTest      : Started PostsRepositoryTest in 5.302 seconds (JVM running for 10.044)
Hibernate: insert into posts (create_date, modified_date, author, content, title) values (?, ?, ?, ?, ?)
Hibernate: select posts0_.id as id1_0_, posts0_.create_date as create_d2_0_, posts0_.modified_date as modified3_0_, posts0_.author as author4_0_, posts0_.content as content5_0_, posts0_.title as title6_0_ from posts posts0_
Hibernate: select posts0_.id as id1_0_, posts0_.create_date as create_d2_0_, posts0_.modified_date as modified3_0_, posts0_.author as author4_0_, posts0_.content as content5_0_, posts0_.title as title6_0_ from posts posts0_
Hibernate: delete from posts where id=?
Hibernate: insert into posts (create_date, modified_date, author, content, title) values (?, ?, ?, ?, ?)
Hibernate: select posts0_.id as id1_0_, posts0_.create_date as create_d2_0_, posts0_.modified_date as modified3_0_, posts0_.author as author4_0_, posts0_.content as content5_0_, posts0_.title as title6_0_ from posts posts0_
>>>>>>>>> createDate=2020-03-24T22:42:31.626,modifiedDate=2020-03-24T22:42:31.626
Hibernate: select posts0_.id as id1_0_, posts0_.create_date as create_d2_0_, posts0_.modified_date as modified3_0_, posts0_.author as author4_0_, posts0_.content as content5_0_, posts0_.title as title6_0_ from posts posts0_
Hibernate: delete from posts where id=?
]]></system-out>
  <system-err><![CDATA[]]></system-err>
</testsuite>
