<?xml version="1.0" encoding="UTF-8"?>
<testsuite name="com.slow.book.springboot.web.IndexControllerTest" tests="1" skipped="0" failures="0" errors="0" timestamp="2020-03-24T13:42:34" hostname="DESKTOP-R5N5E11" time="0.237">
  <properties/>
  <testcase name="메인페이지_로딩" classname="com.slow.book.springboot.web.IndexControllerTest" time="0.237"/>
  <system-out><![CDATA[2020-03-24 22:42:31.645  INFO 10676 --- [    Test worker] .b.t.c.SpringBootTestContextBootstrapper : Neither @ContextConfiguration nor @ContextHierarchy found for test class [com.slow.book.springboot.web.IndexControllerTest], using SpringBootContextLoader
2020-03-24 22:42:31.648  INFO 10676 --- [    Test worker] o.s.t.c.support.AbstractContextLoader    : Could not detect default resource locations for test class [com.slow.book.springboot.web.IndexControllerTest]: no resource found for suffixes {-context.xml, Context.groovy}.
2020-03-24 22:42:31.649  INFO 10676 --- [    Test worker] t.c.s.AnnotationConfigContextLoaderUtils : Could not detect default configuration classes for test class [com.slow.book.springboot.web.IndexControllerTest]: IndexControllerTest does not declare any static, non-private, non-final, nested classes annotated with @Configuration.
2020-03-24 22:42:31.652  INFO 10676 --- [    Test worker] .b.t.c.SpringBootTestContextBootstrapper : Found @SpringBootConfiguration com.slow.book.springboot.Application for test class com.slow.book.springboot.web.IndexControllerTest
2020-03-24 22:42:31.654  INFO 10676 --- [    Test worker] .b.t.c.SpringBootTestContextBootstrapper : Loaded default TestExecutionListener class names from location [META-INF/spring.factories]: [org.springframework.security.test.context.support.WithSecurityContextTestExecutionListener, org.springframework.security.test.context.support.ReactorContextTestExecutionListener, org.springframework.boot.test.autoconfigure.restdocs.RestDocsTestExecutionListener, org.springframework.boot.test.autoconfigure.web.client.MockRestServiceServerResetTestExecutionListener, org.springframework.boot.test.autoconfigure.web.servlet.MockMvcPrintOnlyOnFailureTestExecutionListener, org.springframework.boot.test.autoconfigure.web.servlet.WebDriverTestExecutionListener, org.springframework.boot.test.mock.mockito.MockitoTestExecutionListener, org.springframework.boot.test.mock.mockito.ResetMocksTestExecutionListener, org.springframework.test.context.web.ServletTestExecutionListener, org.springframework.test.context.support.DirtiesContextBeforeModesTestExecutionListener, org.springframework.test.context.support.DependencyInjectionTestExecutionListener, org.springframework.test.context.support.DirtiesContextTestExecutionListener, org.springframework.test.context.transaction.TransactionalTestExecutionListener, org.springframework.test.context.jdbc.SqlScriptsTestExecutionListener]
2020-03-24 22:42:31.655  INFO 10676 --- [    Test worker] .b.t.c.SpringBootTestContextBootstrapper : Using TestExecutionListeners: [org.springframework.test.context.web.ServletTestExecutionListener@5bdc306b, org.springframework.test.context.support.DirtiesContextBeforeModesTestExecutionListener@1a15ccc, org.springframework.boot.test.mock.mockito.MockitoTestExecutionListener@6f9010e9, org.springframework.boot.test.autoconfigure.SpringBootDependencyInjectionTestExecutionListener@14314776, org.springframework.test.context.support.DirtiesContextTestExecutionListener@2e5462f3, org.springframework.test.context.transaction.TransactionalTestExecutionListener@25180cc9, org.springframework.test.context.jdbc.SqlScriptsTestExecutionListener@4a6057db, org.springframework.security.test.context.support.WithSecurityContextTestExecutionListener@5474b316, org.springframework.security.test.context.support.ReactorContextTestExecutionListener@593a1091, org.springframework.boot.test.autoconfigure.restdocs.RestDocsTestExecutionListener@3c21313b, org.springframework.boot.test.autoconfigure.web.client.MockRestServiceServerResetTestExecutionListener@743777eb, org.springframework.boot.test.autoconfigure.web.servlet.MockMvcPrintOnlyOnFailureTestExecutionListener@5aa9678, org.springframework.boot.test.autoconfigure.web.servlet.WebDriverTestExecutionListener@c1db0c4, org.springframework.boot.test.mock.mockito.ResetMocksTestExecutionListener@3900f095]

  .   ____          _            __ _ _
 /\\ / ___'_ __ _ _(_)_ __  __ _ \ \ \ \
( ( )\___ | '_ | '_| | '_ \/ _` | \ \ \ \
 \\/  ___)| |_)| | | | | || (_| |  ) ) ) )
  '  |____| .__|_| |_|_| |_\__, | / / / /
 =========|_|==============|___/=/_/_/_/
 :: Spring Boot ::        (v2.1.7.RELEASE)

2020-03-24 22:42:31.715  INFO 10676 --- [    Test worker] c.s.b.s.web.IndexControllerTest          : Starting IndexControllerTest on DESKTOP-R5N5E11 with PID 10676 (started by icet2 in D:\IntelliJ\projects\TestProject2)
2020-03-24 22:42:31.717  INFO 10676 --- [    Test worker] c.s.b.s.web.IndexControllerTest          : No active profile set, falling back to default profiles: default
2020-03-24 22:42:31.955  INFO 10676 --- [    Test worker] .s.d.r.c.RepositoryConfigurationDelegate : Bootstrapping Spring Data repositories in DEFAULT mode.
2020-03-24 22:42:31.976  INFO 10676 --- [    Test worker] .s.d.r.c.RepositoryConfigurationDelegate : Finished Spring Data repository scanning in 20ms. Found 2 repository interfaces.
2020-03-24 22:42:32.090  INFO 10676 --- [    Test worker] trationDelegate$BeanPostProcessorChecker : Bean 'org.springframework.transaction.annotation.ProxyTransactionManagementConfiguration' of type [org.springframework.transaction.annotation.ProxyTransactionManagementConfiguration$$EnhancerBySpringCGLIB$$528eaba] is not eligible for getting processed by all BeanPostProcessors (for example: not eligible for auto-proxying)
2020-03-24 22:42:32.449  INFO 10676 --- [    Test worker] o.s.b.w.embedded.tomcat.TomcatWebServer  : Tomcat initialized with port(s): 0 (http)
2020-03-24 22:42:32.483  INFO 10676 --- [    Test worker] o.apache.catalina.core.StandardService   : Starting service [Tomcat]
2020-03-24 22:42:32.484  INFO 10676 --- [    Test worker] org.apache.catalina.core.StandardEngine  : Starting Servlet engine: [Apache Tomcat/9.0.22]
2020-03-24 22:42:32.686  INFO 10676 --- [    Test worker] o.a.c.c.C.[Tomcat].[localhost].[/]       : Initializing Spring embedded WebApplicationContext
2020-03-24 22:42:32.686  INFO 10676 --- [    Test worker] o.s.web.context.ContextLoader            : Root WebApplicationContext: initialization completed in 953 ms
2020-03-24 22:42:32.926  INFO 10676 --- [    Test worker] com.zaxxer.hikari.HikariDataSource       : HikariPool-2 - Starting...
2020-03-24 22:42:32.928  INFO 10676 --- [    Test worker] com.zaxxer.hikari.HikariDataSource       : HikariPool-2 - Start completed.
2020-03-24 22:42:32.968  INFO 10676 --- [    Test worker] o.hibernate.jpa.internal.util.LogHelper  : HHH000204: Processing PersistenceUnitInfo [
	name: default
	...]
2020-03-24 22:42:32.982  INFO 10676 --- [    Test worker] org.hibernate.dialect.Dialect            : HHH000400: Using dialect: org.hibernate.dialect.MySQL5InnoDBDialect
Hibernate: drop table if exists posts
Hibernate: drop table if exists user
Hibernate: create table posts (id bigint not null auto_increment, create_date datetime, modified_date datetime, author varchar(255), content TEXT not null, title varchar(500) not null, primary key (id)) engine=InnoDB
Hibernate: create table user (id bigint not null auto_increment, created_date datetime, modified_date datetime, email varchar(255) not null, name varchar(255) not null, picture varchar(255), role varchar(255) not null, primary key (id)) engine=InnoDB
2020-03-24 22:42:33.057  INFO 10676 --- [    Test worker] o.h.t.schema.internal.SchemaCreatorImpl  : HHH000476: Executing import script 'org.hibernate.tool.schema.internal.exec.ScriptSourceInputNonExistentImpl@6bada319'
2020-03-24 22:42:33.057  INFO 10676 --- [    Test worker] j.LocalContainerEntityManagerFactoryBean : Initialized JPA EntityManagerFactory for persistence unit 'default'
2020-03-24 22:42:33.550  INFO 10676 --- [    Test worker] o.h.h.i.QueryTranslatorFactoryInitiator  : HHH000397: Using ASTQueryTranslatorFactory
2020-03-24 22:42:33.705  INFO 10676 --- [    Test worker] o.s.s.web.DefaultSecurityFilterChain     : Creating filter chain: any request, [org.springframework.security.web.context.request.async.WebAsyncManagerIntegrationFilter@934e143, org.springframework.security.web.context.SecurityContextPersistenceFilter@672b5e9, org.springframework.security.web.header.HeaderWriterFilter@138c7566, org.springframework.security.web.authentication.logout.LogoutFilter@14dee285, org.springframework.security.oauth2.client.web.OAuth2AuthorizationRequestRedirectFilter@1fa6f6a0, org.springframework.security.oauth2.client.web.OAuth2LoginAuthenticationFilter@292e85be, org.springframework.security.web.authentication.ui.DefaultLoginPageGeneratingFilter@790d263, org.springframework.security.web.authentication.ui.DefaultLogoutPageGeneratingFilter@74fe4c0f, org.springframework.security.web.savedrequest.RequestCacheAwareFilter@187c6966, org.springframework.security.web.servletapi.SecurityContextHolderAwareRequestFilter@682b084a, org.springframework.security.web.authentication.AnonymousAuthenticationFilter@5cc5a7c6, org.springframework.security.web.session.SessionManagementFilter@2089fbaf, org.springframework.security.web.access.ExceptionTranslationFilter@3b34a48d, org.springframework.security.web.access.intercept.FilterSecurityInterceptor@392883e1]
2020-03-24 22:42:33.952  INFO 10676 --- [    Test worker] o.s.s.concurrent.ThreadPoolTaskExecutor  : Initializing ExecutorService 'applicationTaskExecutor'
2020-03-24 22:42:33.964  WARN 10676 --- [    Test worker] aWebConfiguration$JpaWebMvcConfiguration : spring.jpa.open-in-view is enabled by default. Therefore, database queries may be performed during view rendering. Explicitly configure spring.jpa.open-in-view to disable this warning
2020-03-24 22:42:33.992  INFO 10676 --- [    Test worker] o.s.b.a.w.s.WelcomePageHandlerMapping    : Adding welcome page template: index
2020-03-24 22:42:34.300  INFO 10676 --- [    Test worker] s.a.ScheduledAnnotationBeanPostProcessor : No TaskScheduler/ScheduledExecutorService bean found for scheduled processing
2020-03-24 22:42:34.319  INFO 10676 --- [    Test worker] o.s.b.w.embedded.tomcat.TomcatWebServer  : Tomcat started on port(s): 1057 (http) with context path ''
2020-03-24 22:42:34.321  INFO 10676 --- [    Test worker] c.s.b.s.web.IndexControllerTest          : Started IndexControllerTest in 2.663 seconds (JVM running for 13.007)
2020-03-24 22:42:34.418  INFO 10676 --- [o-auto-1-exec-1] o.a.c.c.C.[Tomcat].[localhost].[/]       : Initializing Spring DispatcherServlet 'dispatcherServlet'
2020-03-24 22:42:34.418  INFO 10676 --- [o-auto-1-exec-1] o.s.web.servlet.DispatcherServlet        : Initializing Servlet 'dispatcherServlet'
2020-03-24 22:42:34.449  INFO 10676 --- [o-auto-1-exec-1] o.s.web.servlet.DispatcherServlet        : Completed initialization in 31 ms
Hibernate: select posts0_.id as id1_0_, posts0_.create_date as create_d2_0_, posts0_.modified_date as modified3_0_, posts0_.author as author4_0_, posts0_.content as content5_0_, posts0_.title as title6_0_ from posts posts0_ order by posts0_.id DESC
]]></system-out>
  <system-err><![CDATA[]]></system-err>
</testsuite>
