<?xml version="1.0" encoding="UTF-8"?>
<testsuite name="com.slow.book.springboot.web.HelloControllerTest" tests="2" skipped="0" failures="0" errors="0" timestamp="2020-03-24T13:42:25" hostname="DESKTOP-R5N5E11" time="0.474">
  <properties/>
  <testcase name="hello가_리턴된다" classname="com.slow.book.springboot.web.HelloControllerTest" time="0.336"/>
  <testcase name="helloDto가_리턴된다" classname="com.slow.book.springboot.web.HelloControllerTest" time="0.133"/>
  <system-out><![CDATA[22:42:22.122 [Test worker] DEBUG org.springframework.test.context.junit4.SpringJUnit4ClassRunner - SpringJUnit4ClassRunner constructor called with [class com.slow.book.springboot.web.HelloControllerTest]
22:42:22.135 [Test worker] DEBUG org.springframework.test.context.BootstrapUtils - Instantiating CacheAwareContextLoaderDelegate from class [org.springframework.test.context.cache.DefaultCacheAwareContextLoaderDelegate]
22:42:22.146 [Test worker] DEBUG org.springframework.test.context.BootstrapUtils - Instantiating BootstrapContext using constructor [public org.springframework.test.context.support.DefaultBootstrapContext(java.lang.Class,org.springframework.test.context.CacheAwareContextLoaderDelegate)]
22:42:22.171 [Test worker] DEBUG org.springframework.test.context.BootstrapUtils - Instantiating TestContextBootstrapper for test class [com.slow.book.springboot.web.HelloControllerTest] from class [org.springframework.boot.test.autoconfigure.web.servlet.WebMvcTestContextBootstrapper]
22:42:22.194 [Test worker] INFO org.springframework.boot.test.autoconfigure.web.servlet.WebMvcTestContextBootstrapper - Neither @ContextConfiguration nor @ContextHierarchy found for test class [com.slow.book.springboot.web.HelloControllerTest], using SpringBootContextLoader
22:42:22.197 [Test worker] DEBUG org.springframework.test.context.support.AbstractContextLoader - Did not detect default resource location for test class [com.slow.book.springboot.web.HelloControllerTest]: class path resource [com/slow/book/springboot/web/HelloControllerTest-context.xml] does not exist
22:42:22.198 [Test worker] DEBUG org.springframework.test.context.support.AbstractContextLoader - Did not detect default resource location for test class [com.slow.book.springboot.web.HelloControllerTest]: class path resource [com/slow/book/springboot/web/HelloControllerTestContext.groovy] does not exist
22:42:22.198 [Test worker] INFO org.springframework.test.context.support.AbstractContextLoader - Could not detect default resource locations for test class [com.slow.book.springboot.web.HelloControllerTest]: no resource found for suffixes {-context.xml, Context.groovy}.
22:42:22.199 [Test worker] INFO org.springframework.test.context.support.AnnotationConfigContextLoaderUtils - Could not detect default configuration classes for test class [com.slow.book.springboot.web.HelloControllerTest]: HelloControllerTest does not declare any static, non-private, non-final, nested classes annotated with @Configuration.
22:42:22.282 [Test worker] DEBUG org.springframework.test.context.support.ActiveProfilesUtils - Could not find an 'annotation declaring class' for annotation type [org.springframework.test.context.ActiveProfiles] and class [com.slow.book.springboot.web.HelloControllerTest]
22:42:22.369 [Test worker] DEBUG org.springframework.context.annotation.ClassPathScanningCandidateComponentProvider - Identified candidate component class: file [D:\IntelliJ\projects\TestProject2\build\classes\java\main\com\slow\book\springboot\Application.class]
22:42:22.370 [Test worker] INFO org.springframework.boot.test.context.SpringBootTestContextBootstrapper - Found @SpringBootConfiguration com.slow.book.springboot.Application for test class com.slow.book.springboot.web.HelloControllerTest
22:42:22.372 [Test worker] DEBUG org.springframework.boot.test.autoconfigure.web.servlet.WebMvcTestContextBootstrapper - @TestExecutionListeners is not present for class [com.slow.book.springboot.web.HelloControllerTest]: using defaults.
22:42:22.373 [Test worker] INFO org.springframework.boot.test.autoconfigure.web.servlet.WebMvcTestContextBootstrapper - Loaded default TestExecutionListener class names from location [META-INF/spring.factories]: [org.springframework.security.test.context.support.WithSecurityContextTestExecutionListener, org.springframework.security.test.context.support.ReactorContextTestExecutionListener, org.springframework.boot.test.autoconfigure.restdocs.RestDocsTestExecutionListener, org.springframework.boot.test.autoconfigure.web.client.MockRestServiceServerResetTestExecutionListener, org.springframework.boot.test.autoconfigure.web.servlet.MockMvcPrintOnlyOnFailureTestExecutionListener, org.springframework.boot.test.autoconfigure.web.servlet.WebDriverTestExecutionListener, org.springframework.boot.test.mock.mockito.MockitoTestExecutionListener, org.springframework.boot.test.mock.mockito.ResetMocksTestExecutionListener, org.springframework.test.context.web.ServletTestExecutionListener, org.springframework.test.context.support.DirtiesContextBeforeModesTestExecutionListener, org.springframework.test.context.support.DependencyInjectionTestExecutionListener, org.springframework.test.context.support.DirtiesContextTestExecutionListener, org.springframework.test.context.transaction.TransactionalTestExecutionListener, org.springframework.test.context.jdbc.SqlScriptsTestExecutionListener]
22:42:22.404 [Test worker] INFO org.springframework.boot.test.autoconfigure.web.servlet.WebMvcTestContextBootstrapper - Using TestExecutionListeners: [org.springframework.test.context.web.ServletTestExecutionListener@215ed79b, org.springframework.test.context.support.DirtiesContextBeforeModesTestExecutionListener@74713dba, org.springframework.boot.test.mock.mockito.MockitoTestExecutionListener@358c8308, org.springframework.boot.test.autoconfigure.SpringBootDependencyInjectionTestExecutionListener@4783b477, org.springframework.test.context.support.DirtiesContextTestExecutionListener@10b64113, org.springframework.test.context.transaction.TransactionalTestExecutionListener@6d573252, org.springframework.test.context.jdbc.SqlScriptsTestExecutionListener@3c926833, org.springframework.security.test.context.support.WithSecurityContextTestExecutionListener@666843da, org.springframework.security.test.context.support.ReactorContextTestExecutionListener@447438dd, org.springframework.boot.test.autoconfigure.restdocs.RestDocsTestExecutionListener@106557a3, org.springframework.boot.test.autoconfigure.web.client.MockRestServiceServerResetTestExecutionListener@3f19666c, org.springframework.boot.test.autoconfigure.web.servlet.MockMvcPrintOnlyOnFailureTestExecutionListener@1bcb84c6, org.springframework.boot.test.autoconfigure.web.servlet.WebDriverTestExecutionListener@7e9cf5b2, org.springframework.boot.test.mock.mockito.ResetMocksTestExecutionListener@44fe6d8d]
22:42:22.407 [Test worker] DEBUG org.springframework.test.annotation.ProfileValueUtils - Retrieved @ProfileValueSourceConfiguration [null] for test class [com.slow.book.springboot.web.HelloControllerTest]
22:42:22.407 [Test worker] DEBUG org.springframework.test.annotation.ProfileValueUtils - Retrieved ProfileValueSource type [class org.springframework.test.annotation.SystemProfileValueSource] for class [com.slow.book.springboot.web.HelloControllerTest]
22:42:22.408 [Test worker] DEBUG org.springframework.test.annotation.ProfileValueUtils - Retrieved @ProfileValueSourceConfiguration [null] for test class [com.slow.book.springboot.web.HelloControllerTest]
22:42:22.408 [Test worker] DEBUG org.springframework.test.annotation.ProfileValueUtils - Retrieved ProfileValueSource type [class org.springframework.test.annotation.SystemProfileValueSource] for class [com.slow.book.springboot.web.HelloControllerTest]
22:42:22.413 [Test worker] DEBUG org.springframework.test.context.support.AbstractDirtiesContextTestExecutionListener - Before test class: context [DefaultTestContext@57e034e5 testClass = HelloControllerTest, testInstance = [null], testMethod = [null], testException = [null], mergedContextConfiguration = [WebMergedContextConfiguration@690249fe testClass = HelloControllerTest, locations = '{}', classes = '{class com.slow.book.springboot.Application}', contextInitializerClasses = '[]', activeProfiles = '{}', propertySourceLocations = '{}', propertySourceProperties = '{org.springframework.boot.test.autoconfigure.web.servlet.WebMvcTestContextBootstrapper=true}', contextCustomizers = set[org.springframework.boot.test.autoconfigure.OverrideAutoConfigurationContextCustomizerFactory$DisableAutoConfigurationContextCustomizer@27516853, org.springframework.boot.test.autoconfigure.filter.TypeExcludeFiltersContextCustomizer@c8c26ddd, org.springframework.boot.test.autoconfigure.properties.PropertyMappingContextCustomizer@a50cb1a6, org.springframework.boot.test.autoconfigure.web.servlet.WebDriverContextCustomizerFactory$Customizer@6b67798f, [ImportsContextCustomizer@7ca3cc6d key = [org.springframework.boot.autoconfigure.cache.CacheAutoConfiguration, org.springframework.boot.autoconfigure.context.MessageSourceAutoConfiguration, org.springframework.boot.autoconfigure.data.web.SpringDataWebAutoConfiguration, org.springframework.boot.autoconfigure.freemarker.FreeMarkerAutoConfiguration, org.springframework.boot.autoconfigure.groovy.template.GroovyTemplateAutoConfiguration, org.springframework.boot.autoconfigure.gson.GsonAutoConfiguration, org.springframework.boot.autoconfigure.hateoas.HypermediaAutoConfiguration, org.springframework.boot.autoconfigure.http.HttpMessageConvertersAutoConfiguration, org.springframework.boot.autoconfigure.jackson.JacksonAutoConfiguration, org.springframework.boot.autoconfigure.jsonb.JsonbAutoConfiguration, org.springframework.boot.autoconfigure.mustache.MustacheAutoConfiguration, org.springframework.boot.autoconfigure.task.TaskExecutionAutoConfiguration, org.springframework.boot.autoconfigure.thymeleaf.ThymeleafAutoConfiguration, org.springframework.boot.autoconfigure.validation.ValidationAutoConfiguration, org.springframework.boot.autoconfigure.web.servlet.error.ErrorMvcAutoConfiguration, org.springframework.boot.autoconfigure.web.servlet.WebMvcAutoConfiguration, org.springframework.boot.test.autoconfigure.web.servlet.MockMvcAutoConfiguration, org.springframework.boot.test.autoconfigure.web.servlet.MockMvcSecurityAutoConfiguration, org.springframework.boot.test.autoconfigure.web.servlet.MockMvcWebClientAutoConfiguration, org.springframework.boot.test.autoconfigure.web.servlet.MockMvcWebDriverAutoConfiguration]], org.springframework.boot.test.context.filter.ExcludeFilterContextCustomizer@5f66cb24, org.springframework.boot.test.json.DuplicateJsonObjectContextCustomizerFactory$DuplicateJsonObjectContextCustomizer@7997b38c, org.springframework.boot.test.mock.mockito.MockitoContextCustomizer@0], resourceBasePath = 'src/main/webapp', contextLoader = 'org.springframework.boot.test.context.SpringBootContextLoader', parent = [null]], attributes = map[[empty]]], class annotated with @DirtiesContext [false] with mode [null].
22:42:22.413 [Test worker] DEBUG org.springframework.test.annotation.ProfileValueUtils - Retrieved @ProfileValueSourceConfiguration [null] for test class [com.slow.book.springboot.web.HelloControllerTest]
22:42:22.414 [Test worker] DEBUG org.springframework.test.annotation.ProfileValueUtils - Retrieved ProfileValueSource type [class org.springframework.test.annotation.SystemProfileValueSource] for class [com.slow.book.springboot.web.HelloControllerTest]
22:42:22.418 [Test worker] DEBUG org.springframework.test.context.support.DependencyInjectionTestExecutionListener - Performing dependency injection for test context [[DefaultTestContext@57e034e5 testClass = HelloControllerTest, testInstance = com.slow.book.springboot.web.HelloControllerTest@7339141c, testMethod = [null], testException = [null], mergedContextConfiguration = [WebMergedContextConfiguration@690249fe testClass = HelloControllerTest, locations = '{}', classes = '{class com.slow.book.springboot.Application}', contextInitializerClasses = '[]', activeProfiles = '{}', propertySourceLocations = '{}', propertySourceProperties = '{org.springframework.boot.test.autoconfigure.web.servlet.WebMvcTestContextBootstrapper=true}', contextCustomizers = set[org.springframework.boot.test.autoconfigure.OverrideAutoConfigurationContextCustomizerFactory$DisableAutoConfigurationContextCustomizer@27516853, org.springframework.boot.test.autoconfigure.filter.TypeExcludeFiltersContextCustomizer@c8c26ddd, org.springframework.boot.test.autoconfigure.properties.PropertyMappingContextCustomizer@a50cb1a6, org.springframework.boot.test.autoconfigure.web.servlet.WebDriverContextCustomizerFactory$Customizer@6b67798f, [ImportsContextCustomizer@7ca3cc6d key = [org.springframework.boot.autoconfigure.cache.CacheAutoConfiguration, org.springframework.boot.autoconfigure.context.MessageSourceAutoConfiguration, org.springframework.boot.autoconfigure.data.web.SpringDataWebAutoConfiguration, org.springframework.boot.autoconfigure.freemarker.FreeMarkerAutoConfiguration, org.springframework.boot.autoconfigure.groovy.template.GroovyTemplateAutoConfiguration, org.springframework.boot.autoconfigure.gson.GsonAutoConfiguration, org.springframework.boot.autoconfigure.hateoas.HypermediaAutoConfiguration, org.springframework.boot.autoconfigure.http.HttpMessageConvertersAutoConfiguration, org.springframework.boot.autoconfigure.jackson.JacksonAutoConfiguration, org.springframework.boot.autoconfigure.jsonb.JsonbAutoConfiguration, org.springframework.boot.autoconfigure.mustache.MustacheAutoConfiguration, org.springframework.boot.autoconfigure.task.TaskExecutionAutoConfiguration, org.springframework.boot.autoconfigure.thymeleaf.ThymeleafAutoConfiguration, org.springframework.boot.autoconfigure.validation.ValidationAutoConfiguration, org.springframework.boot.autoconfigure.web.servlet.error.ErrorMvcAutoConfiguration, org.springframework.boot.autoconfigure.web.servlet.WebMvcAutoConfiguration, org.springframework.boot.test.autoconfigure.web.servlet.MockMvcAutoConfiguration, org.springframework.boot.test.autoconfigure.web.servlet.MockMvcSecurityAutoConfiguration, org.springframework.boot.test.autoconfigure.web.servlet.MockMvcWebClientAutoConfiguration, org.springframework.boot.test.autoconfigure.web.servlet.MockMvcWebDriverAutoConfiguration]], org.springframework.boot.test.context.filter.ExcludeFilterContextCustomizer@5f66cb24, org.springframework.boot.test.json.DuplicateJsonObjectContextCustomizerFactory$DuplicateJsonObjectContextCustomizer@7997b38c, org.springframework.boot.test.mock.mockito.MockitoContextCustomizer@0], resourceBasePath = 'src/main/webapp', contextLoader = 'org.springframework.boot.test.context.SpringBootContextLoader', parent = [null]], attributes = map[[empty]]]].
22:42:22.560 [Test worker] DEBUG org.springframework.test.context.support.TestPropertySourceUtils - Adding inlined properties to environment: {spring.jmx.enabled=false, org.springframework.boot.test.autoconfigure.web.servlet.WebMvcTestContextBootstrapper=true, server.port=-1}

  .   ____          _            __ _ _
 /\\ / ___'_ __ _ _(_)_ __  __ _ \ \ \ \
( ( )\___ | '_ | '_| | '_ \/ _` | \ \ \ \
 \\/  ___)| |_)| | | | | || (_| |  ) ) ) )
  '  |____| .__|_| |_|_| |_\__, | / / / /
 =========|_|==============|___/=/_/_/_/
 :: Spring Boot ::        (v2.1.7.RELEASE)

2020-03-24 22:42:22.850  INFO 10676 --- [    Test worker] c.s.b.s.web.HelloControllerTest          : Starting HelloControllerTest on DESKTOP-R5N5E11 with PID 10676 (started by icet2 in D:\IntelliJ\projects\TestProject2)
2020-03-24 22:42:22.854  INFO 10676 --- [    Test worker] c.s.b.s.web.HelloControllerTest          : No active profile set, falling back to default profiles: default
2020-03-24 22:42:24.643  INFO 10676 --- [    Test worker] o.s.s.concurrent.ThreadPoolTaskExecutor  : Initializing ExecutorService 'applicationTaskExecutor'
2020-03-24 22:42:24.737  INFO 10676 --- [    Test worker] o.s.b.a.w.s.WelcomePageHandlerMapping    : Adding welcome page template: index
2020-03-24 22:42:25.139  INFO 10676 --- [    Test worker] .s.s.UserDetailsServiceAutoConfiguration : 

Using generated security password: ccdae301-fe82-4d12-8ba9-4a91ca4aaecc

2020-03-24 22:42:25.418  INFO 10676 --- [    Test worker] o.s.s.web.DefaultSecurityFilterChain     : Creating filter chain: any request, [org.springframework.security.web.context.request.async.WebAsyncManagerIntegrationFilter@1e18da3b, org.springframework.security.web.context.SecurityContextPersistenceFilter@10eaa1c3, org.springframework.security.web.header.HeaderWriterFilter@6fad2c89, org.springframework.security.web.csrf.CsrfFilter@3ed9ada9, org.springframework.security.web.authentication.logout.LogoutFilter@79e97304, org.springframework.security.web.authentication.UsernamePasswordAuthenticationFilter@7177930, org.springframework.security.web.authentication.ui.DefaultLoginPageGeneratingFilter@cc1f1e1, org.springframework.security.web.authentication.ui.DefaultLogoutPageGeneratingFilter@299c15fb, org.springframework.security.web.authentication.www.BasicAuthenticationFilter@6e71c626, org.springframework.security.web.savedrequest.RequestCacheAwareFilter@6ddd8812, org.springframework.security.web.servletapi.SecurityContextHolderAwareRequestFilter@7e24c74, org.springframework.security.web.authentication.AnonymousAuthenticationFilter@5393bfab, org.springframework.security.web.session.SessionManagementFilter@4020c976, org.springframework.security.web.access.ExceptionTranslationFilter@5d7c0, org.springframework.security.web.access.intercept.FilterSecurityInterceptor@754b6caf]
2020-03-24 22:42:25.470  INFO 10676 --- [    Test worker] o.s.b.t.m.w.SpringBootMockServletContext : Initializing Spring TestDispatcherServlet ''
2020-03-24 22:42:25.470  INFO 10676 --- [    Test worker] o.s.t.web.servlet.TestDispatcherServlet  : Initializing Servlet ''
2020-03-24 22:42:25.485  INFO 10676 --- [    Test worker] o.s.t.web.servlet.TestDispatcherServlet  : Completed initialization in 15 ms
2020-03-24 22:42:25.541  INFO 10676 --- [    Test worker] c.s.b.s.web.HelloControllerTest          : Started HelloControllerTest in 2.971 seconds (JVM running for 4.225)
]]></system-out>
  <system-err><![CDATA[]]></system-err>
</testsuite>
