<?xml version="1.0" encoding="UTF-8"?>
<testsuite name="com.slow.book.springboot.web.IndexControllerTest" tests="1" skipped="0" failures="0" errors="0" timestamp="2020-03-31T14:34:14" hostname="DESKTOP-R5N5E11" time="1.018">
  <properties/>
  <testcase name="메인페이지_로딩" classname="com.slow.book.springboot.web.IndexControllerTest" time="1.018"/>
  <system-out><![CDATA[23:34:05.356 [Test worker] DEBUG org.springframework.test.context.junit4.SpringJUnit4ClassRunner - SpringJUnit4ClassRunner constructor called with [class com.slow.book.springboot.web.IndexControllerTest]
23:34:05.367 [Test worker] DEBUG org.springframework.test.context.BootstrapUtils - Instantiating CacheAwareContextLoaderDelegate from class [org.springframework.test.context.cache.DefaultCacheAwareContextLoaderDelegate]
23:34:05.395 [Test worker] DEBUG org.springframework.test.context.BootstrapUtils - Instantiating BootstrapContext using constructor [public org.springframework.test.context.support.DefaultBootstrapContext(java.lang.Class,org.springframework.test.context.CacheAwareContextLoaderDelegate)]
23:34:05.434 [Test worker] DEBUG org.springframework.test.context.BootstrapUtils - Instantiating TestContextBootstrapper for test class [com.slow.book.springboot.web.IndexControllerTest] from class [org.springframework.boot.test.context.SpringBootTestContextBootstrapper]
23:34:05.454 [Test worker] INFO org.springframework.boot.test.context.SpringBootTestContextBootstrapper - Neither @ContextConfiguration nor @ContextHierarchy found for test class [com.slow.book.springboot.web.IndexControllerTest], using SpringBootContextLoader
23:34:05.458 [Test worker] DEBUG org.springframework.test.context.support.AbstractContextLoader - Did not detect default resource location for test class [com.slow.book.springboot.web.IndexControllerTest]: class path resource [com/slow/book/springboot/web/IndexControllerTest-context.xml] does not exist
23:34:05.459 [Test worker] DEBUG org.springframework.test.context.support.AbstractContextLoader - Did not detect default resource location for test class [com.slow.book.springboot.web.IndexControllerTest]: class path resource [com/slow/book/springboot/web/IndexControllerTestContext.groovy] does not exist
23:34:05.459 [Test worker] INFO org.springframework.test.context.support.AbstractContextLoader - Could not detect default resource locations for test class [com.slow.book.springboot.web.IndexControllerTest]: no resource found for suffixes {-context.xml, Context.groovy}.
23:34:05.459 [Test worker] INFO org.springframework.test.context.support.AnnotationConfigContextLoaderUtils - Could not detect default configuration classes for test class [com.slow.book.springboot.web.IndexControllerTest]: IndexControllerTest does not declare any static, non-private, non-final, nested classes annotated with @Configuration.
23:34:05.515 [Test worker] DEBUG org.springframework.test.context.support.ActiveProfilesUtils - Could not find an 'annotation declaring class' for annotation type [org.springframework.test.context.ActiveProfiles] and class [com.slow.book.springboot.web.IndexControllerTest]
23:34:05.661 [Test worker] DEBUG org.springframework.context.annotation.ClassPathScanningCandidateComponentProvider - Identified candidate component class: file [D:\IntelliJ\projects\TestProject2\build\classes\java\main\com\slow\book\springboot\Application.class]
23:34:05.663 [Test worker] INFO org.springframework.boot.test.context.SpringBootTestContextBootstrapper - Found @SpringBootConfiguration com.slow.book.springboot.Application for test class com.slow.book.springboot.web.IndexControllerTest
23:34:05.829 [Test worker] DEBUG org.springframework.boot.test.context.SpringBootTestContextBootstrapper - @TestExecutionListeners is not present for class [com.slow.book.springboot.web.IndexControllerTest]: using defaults.
23:34:05.830 [Test worker] INFO org.springframework.boot.test.context.SpringBootTestContextBootstrapper - Loaded default TestExecutionListener class names from location [META-INF/spring.factories]: [org.springframework.security.test.context.support.WithSecurityContextTestExecutionListener, org.springframework.security.test.context.support.ReactorContextTestExecutionListener, org.springframework.boot.test.autoconfigure.restdocs.RestDocsTestExecutionListener, org.springframework.boot.test.autoconfigure.web.client.MockRestServiceServerResetTestExecutionListener, org.springframework.boot.test.autoconfigure.web.servlet.MockMvcPrintOnlyOnFailureTestExecutionListener, org.springframework.boot.test.autoconfigure.web.servlet.WebDriverTestExecutionListener, org.springframework.boot.test.mock.mockito.MockitoTestExecutionListener, org.springframework.boot.test.mock.mockito.ResetMocksTestExecutionListener, org.springframework.test.context.web.ServletTestExecutionListener, org.springframework.test.context.support.DirtiesContextBeforeModesTestExecutionListener, org.springframework.test.context.support.DependencyInjectionTestExecutionListener, org.springframework.test.context.support.DirtiesContextTestExecutionListener, org.springframework.test.context.transaction.TransactionalTestExecutionListener, org.springframework.test.context.jdbc.SqlScriptsTestExecutionListener]
23:34:05.905 [Test worker] INFO org.springframework.boot.test.context.SpringBootTestContextBootstrapper - Using TestExecutionListeners: [org.springframework.test.context.web.ServletTestExecutionListener@4fb7b595, org.springframework.test.context.support.DirtiesContextBeforeModesTestExecutionListener@4853ce6, org.springframework.boot.test.mock.mockito.MockitoTestExecutionListener@54d5e5b2, org.springframework.boot.test.autoconfigure.SpringBootDependencyInjectionTestExecutionListener@7d6b0775, org.springframework.test.context.support.DirtiesContextTestExecutionListener@f821e50, org.springframework.test.context.transaction.TransactionalTestExecutionListener@224d714a, org.springframework.test.context.jdbc.SqlScriptsTestExecutionListener@594ee8c4, org.springframework.security.test.context.support.WithSecurityContextTestExecutionListener@7cbb1c37, org.springframework.security.test.context.support.ReactorContextTestExecutionListener@63d4ed6e, org.springframework.boot.test.autoconfigure.restdocs.RestDocsTestExecutionListener@2ada177f, org.springframework.boot.test.autoconfigure.web.client.MockRestServiceServerResetTestExecutionListener@4fcd228, org.springframework.boot.test.autoconfigure.web.servlet.MockMvcPrintOnlyOnFailureTestExecutionListener@20822c24, org.springframework.boot.test.autoconfigure.web.servlet.WebDriverTestExecutionListener@64790ac7, org.springframework.boot.test.mock.mockito.ResetMocksTestExecutionListener@1ee288d8]
23:34:05.914 [Test worker] DEBUG org.springframework.test.annotation.ProfileValueUtils - Retrieved @ProfileValueSourceConfiguration [null] for test class [com.slow.book.springboot.web.IndexControllerTest]
23:34:05.915 [Test worker] DEBUG org.springframework.test.annotation.ProfileValueUtils - Retrieved ProfileValueSource type [class org.springframework.test.annotation.SystemProfileValueSource] for class [com.slow.book.springboot.web.IndexControllerTest]
23:34:05.954 [Test worker] DEBUG org.springframework.test.annotation.ProfileValueUtils - Retrieved @ProfileValueSourceConfiguration [null] for test class [com.slow.book.springboot.web.IndexControllerTest]
23:34:05.954 [Test worker] DEBUG org.springframework.test.annotation.ProfileValueUtils - Retrieved ProfileValueSource type [class org.springframework.test.annotation.SystemProfileValueSource] for class [com.slow.book.springboot.web.IndexControllerTest]
23:34:05.955 [Test worker] DEBUG org.springframework.test.annotation.ProfileValueUtils - Retrieved @ProfileValueSourceConfiguration [null] for test class [com.slow.book.springboot.web.IndexControllerTest]
23:34:05.956 [Test worker] DEBUG org.springframework.test.annotation.ProfileValueUtils - Retrieved ProfileValueSource type [class org.springframework.test.annotation.SystemProfileValueSource] for class [com.slow.book.springboot.web.IndexControllerTest]
23:34:05.962 [Test worker] DEBUG org.springframework.test.context.support.AbstractDirtiesContextTestExecutionListener - Before test class: context [DefaultTestContext@56d33f7e testClass = IndexControllerTest, testInstance = [null], testMethod = [null], testException = [null], mergedContextConfiguration = [WebMergedContextConfiguration@103eb04f testClass = IndexControllerTest, locations = '{}', classes = '{class com.slow.book.springboot.Application}', contextInitializerClasses = '[]', activeProfiles = '{}', propertySourceLocations = '{}', propertySourceProperties = '{org.springframework.boot.test.context.SpringBootTestContextBootstrapper=true, server.port=0}', contextCustomizers = set[org.springframework.boot.test.autoconfigure.properties.PropertyMappingContextCustomizer@0, org.springframework.boot.test.autoconfigure.web.servlet.WebDriverContextCustomizerFactory$Customizer@3c5a86bc, org.springframework.boot.test.context.filter.ExcludeFilterContextCustomizer@305e113d, org.springframework.boot.test.json.DuplicateJsonObjectContextCustomizerFactory$DuplicateJsonObjectContextCustomizer@7815febf, org.springframework.boot.test.mock.mockito.MockitoContextCustomizer@0, org.springframework.boot.test.web.client.TestRestTemplateContextCustomizer@49ff7dbe], resourceBasePath = 'src/main/webapp', contextLoader = 'org.springframework.boot.test.context.SpringBootContextLoader', parent = [null]], attributes = map['org.springframework.test.context.web.ServletTestExecutionListener.activateListener' -> false]], class annotated with @DirtiesContext [false] with mode [null].
23:34:05.962 [Test worker] DEBUG org.springframework.test.annotation.ProfileValueUtils - Retrieved @ProfileValueSourceConfiguration [null] for test class [com.slow.book.springboot.web.IndexControllerTest]
23:34:05.962 [Test worker] DEBUG org.springframework.test.annotation.ProfileValueUtils - Retrieved ProfileValueSource type [class org.springframework.test.annotation.SystemProfileValueSource] for class [com.slow.book.springboot.web.IndexControllerTest]
23:34:05.971 [Test worker] DEBUG org.springframework.test.context.support.DependencyInjectionTestExecutionListener - Performing dependency injection for test context [[DefaultTestContext@56d33f7e testClass = IndexControllerTest, testInstance = com.slow.book.springboot.web.IndexControllerTest@49fb57da, testMethod = [null], testException = [null], mergedContextConfiguration = [WebMergedContextConfiguration@103eb04f testClass = IndexControllerTest, locations = '{}', classes = '{class com.slow.book.springboot.Application}', contextInitializerClasses = '[]', activeProfiles = '{}', propertySourceLocations = '{}', propertySourceProperties = '{org.springframework.boot.test.context.SpringBootTestContextBootstrapper=true, server.port=0}', contextCustomizers = set[org.springframework.boot.test.autoconfigure.properties.PropertyMappingContextCustomizer@0, org.springframework.boot.test.autoconfigure.web.servlet.WebDriverContextCustomizerFactory$Customizer@3c5a86bc, org.springframework.boot.test.context.filter.ExcludeFilterContextCustomizer@305e113d, org.springframework.boot.test.json.DuplicateJsonObjectContextCustomizerFactory$DuplicateJsonObjectContextCustomizer@7815febf, org.springframework.boot.test.mock.mockito.MockitoContextCustomizer@0, org.springframework.boot.test.web.client.TestRestTemplateContextCustomizer@49ff7dbe], resourceBasePath = 'src/main/webapp', contextLoader = 'org.springframework.boot.test.context.SpringBootContextLoader', parent = [null]], attributes = map['org.springframework.test.context.web.ServletTestExecutionListener.activateListener' -> false]]].
23:34:05.994 [Test worker] DEBUG org.springframework.test.context.support.TestPropertySourceUtils - Adding inlined properties to environment: {spring.jmx.enabled=false, org.springframework.boot.test.context.SpringBootTestContextBootstrapper=true, server.port=0}

  .   ____          _            __ _ _
 /\\ / ___'_ __ _ _(_)_ __  __ _ \ \ \ \
( ( )\___ | '_ | '_| | '_ \/ _` | \ \ \ \
 \\/  ___)| |_)| | | | | || (_| |  ) ) ) )
  '  |____| .__|_| |_|_| |_\__, | / / / /
 =========|_|==============|___/=/_/_/_/
 :: Spring Boot ::        (v2.1.7.RELEASE)

2020-03-31 23:34:06.499  INFO 416 --- [    Test worker] c.s.b.s.web.IndexControllerTest          : Starting IndexControllerTest on DESKTOP-R5N5E11 with PID 416 (started by icet2 in D:\IntelliJ\projects\TestProject2)
2020-03-31 23:34:06.501  INFO 416 --- [    Test worker] c.s.b.s.web.IndexControllerTest          : No active profile set, falling back to default profiles: default
2020-03-31 23:34:07.813  INFO 416 --- [    Test worker] .s.d.r.c.RepositoryConfigurationDelegate : Bootstrapping Spring Data repositories in DEFAULT mode.
2020-03-31 23:34:07.905  INFO 416 --- [    Test worker] .s.d.r.c.RepositoryConfigurationDelegate : Finished Spring Data repository scanning in 76ms. Found 2 repository interfaces.
2020-03-31 23:34:08.484  INFO 416 --- [    Test worker] trationDelegate$BeanPostProcessorChecker : Bean 'org.springframework.transaction.annotation.ProxyTransactionManagementConfiguration' of type [org.springframework.transaction.annotation.ProxyTransactionManagementConfiguration$$EnhancerBySpringCGLIB$$b316cb66] is not eligible for getting processed by all BeanPostProcessors (for example: not eligible for auto-proxying)
2020-03-31 23:34:08.963  INFO 416 --- [    Test worker] o.s.b.w.embedded.tomcat.TomcatWebServer  : Tomcat initialized with port(s): 0 (http)
2020-03-31 23:34:08.990  INFO 416 --- [    Test worker] o.apache.catalina.core.StandardService   : Starting service [Tomcat]
2020-03-31 23:34:08.992  INFO 416 --- [    Test worker] org.apache.catalina.core.StandardEngine  : Starting Servlet engine: [Apache Tomcat/9.0.22]
2020-03-31 23:34:09.180  INFO 416 --- [    Test worker] o.a.c.c.C.[Tomcat].[localhost].[/]       : Initializing Spring embedded WebApplicationContext
2020-03-31 23:34:09.180  INFO 416 --- [    Test worker] o.s.web.context.ContextLoader            : Root WebApplicationContext: initialization completed in 2637 ms
2020-03-31 23:34:09.542  INFO 416 --- [    Test worker] com.zaxxer.hikari.HikariDataSource       : HikariPool-1 - Starting...
2020-03-31 23:34:09.776  INFO 416 --- [    Test worker] com.zaxxer.hikari.HikariDataSource       : HikariPool-1 - Start completed.
2020-03-31 23:34:09.904  INFO 416 --- [    Test worker] o.hibernate.jpa.internal.util.LogHelper  : HHH000204: Processing PersistenceUnitInfo [
	name: default
	...]
2020-03-31 23:34:10.012  INFO 416 --- [    Test worker] org.hibernate.Version                    : HHH000412: Hibernate Core {5.3.10.Final}
2020-03-31 23:34:10.015  INFO 416 --- [    Test worker] org.hibernate.cfg.Environment            : HHH000206: hibernate.properties not found
2020-03-31 23:34:10.306  INFO 416 --- [    Test worker] o.hibernate.annotations.common.Version   : HCANN000001: Hibernate Commons Annotations {5.0.4.Final}
2020-03-31 23:34:10.558  INFO 416 --- [    Test worker] org.hibernate.dialect.Dialect            : HHH000400: Using dialect: org.hibernate.dialect.MySQL5InnoDBDialect
Hibernate: drop table if exists posts
Hibernate: drop table if exists user
Hibernate: create table posts (id bigint not null auto_increment, create_date datetime, modified_date datetime, author varchar(255), content TEXT not null, title varchar(500) not null, primary key (id)) engine=InnoDB
Hibernate: create table user (id bigint not null auto_increment, created_date datetime, modified_date datetime, email varchar(255) not null, name varchar(255) not null, picture varchar(255), role varchar(255) not null, primary key (id)) engine=InnoDB
2020-03-31 23:34:11.424  INFO 416 --- [    Test worker] o.h.t.schema.internal.SchemaCreatorImpl  : HHH000476: Executing import script 'org.hibernate.tool.schema.internal.exec.ScriptSourceInputNonExistentImpl@2cdd9d28'
2020-03-31 23:34:11.428  INFO 416 --- [    Test worker] j.LocalContainerEntityManagerFactoryBean : Initialized JPA EntityManagerFactory for persistence unit 'default'
2020-03-31 23:34:12.438  INFO 416 --- [    Test worker] o.h.h.i.QueryTranslatorFactoryInitiator  : HHH000397: Using ASTQueryTranslatorFactory
2020-03-31 23:34:13.340  INFO 416 --- [    Test worker] o.s.s.web.DefaultSecurityFilterChain     : Creating filter chain: any request, [org.springframework.security.web.context.request.async.WebAsyncManagerIntegrationFilter@754a5a, org.springframework.security.web.context.SecurityContextPersistenceFilter@4bdf4314, org.springframework.security.web.header.HeaderWriterFilter@1c7fd882, org.springframework.security.web.authentication.logout.LogoutFilter@4e1875d6, org.springframework.security.oauth2.client.web.OAuth2AuthorizationRequestRedirectFilter@766156b4, org.springframework.security.oauth2.client.web.OAuth2LoginAuthenticationFilter@2c45ea6b, org.springframework.security.web.authentication.ui.DefaultLoginPageGeneratingFilter@6db661eb, org.springframework.security.web.authentication.ui.DefaultLogoutPageGeneratingFilter@37076cc0, org.springframework.security.web.savedrequest.RequestCacheAwareFilter@69d10ee8, org.springframework.security.web.servletapi.SecurityContextHolderAwareRequestFilter@626c469, org.springframework.security.web.authentication.AnonymousAuthenticationFilter@c126027, org.springframework.security.web.session.SessionManagementFilter@5de846c5, org.springframework.security.web.access.ExceptionTranslationFilter@55cb2e7, org.springframework.security.web.access.intercept.FilterSecurityInterceptor@5d53c146]
2020-03-31 23:34:13.943  INFO 416 --- [    Test worker] o.s.s.concurrent.ThreadPoolTaskExecutor  : Initializing ExecutorService 'applicationTaskExecutor'
2020-03-31 23:34:14.019  WARN 416 --- [    Test worker] aWebConfiguration$JpaWebMvcConfiguration : spring.jpa.open-in-view is enabled by default. Therefore, database queries may be performed during view rendering. Explicitly configure spring.jpa.open-in-view to disable this warning
2020-03-31 23:34:14.080  INFO 416 --- [    Test worker] o.s.b.a.w.s.WelcomePageHandlerMapping    : Adding welcome page template: index
2020-03-31 23:34:14.861  INFO 416 --- [    Test worker] s.a.ScheduledAnnotationBeanPostProcessor : No TaskScheduler/ScheduledExecutorService bean found for scheduled processing
2020-03-31 23:34:14.900  INFO 416 --- [    Test worker] o.s.b.w.embedded.tomcat.TomcatWebServer  : Tomcat started on port(s): 13934 (http) with context path ''
2020-03-31 23:34:14.903  INFO 416 --- [    Test worker] c.s.b.s.web.IndexControllerTest          : Started IndexControllerTest in 8.908 seconds (JVM running for 10.36)
2020-03-31 23:34:15.470  INFO 416 --- [-auto-1-exec-10] o.a.c.c.C.[Tomcat].[localhost].[/]       : Initializing Spring DispatcherServlet 'dispatcherServlet'
2020-03-31 23:34:15.472  INFO 416 --- [-auto-1-exec-10] o.s.web.servlet.DispatcherServlet        : Initializing Servlet 'dispatcherServlet'
2020-03-31 23:34:15.508  INFO 416 --- [-auto-1-exec-10] o.s.web.servlet.DispatcherServlet        : Completed initialization in 36 ms
Hibernate: select posts0_.id as id1_0_, posts0_.create_date as create_d2_0_, posts0_.modified_date as modified3_0_, posts0_.author as author4_0_, posts0_.content as content5_0_, posts0_.title as title6_0_ from posts posts0_ order by posts0_.id DESC
]]></system-out>
  <system-err><![CDATA[]]></system-err>
</testsuite>
