<?xml version="1.0" encoding="UTF-8"?>
<testsuite name="com.slow.book.springboot.web.IndexControllerTest" tests="1" skipped="0" failures="0" errors="0" timestamp="2020-03-24T09:31:05" hostname="DESKTOP-R5N5E11" time="0.228">
  <properties/>
  <testcase name="메인페이지_로딩" classname="com.slow.book.springboot.web.IndexControllerTest" time="0.228"/>
  <system-out><![CDATA[2020-03-24 18:31:03.344  INFO 5276 --- [    Test worker] .b.t.c.SpringBootTestContextBootstrapper : Neither @ContextConfiguration nor @ContextHierarchy found for test class [com.slow.book.springboot.web.IndexControllerTest], using SpringBootContextLoader
2020-03-24 18:31:03.345  INFO 5276 --- [    Test worker] o.s.t.c.support.AbstractContextLoader    : Could not detect default resource locations for test class [com.slow.book.springboot.web.IndexControllerTest]: no resource found for suffixes {-context.xml, Context.groovy}.
2020-03-24 18:31:03.345  INFO 5276 --- [    Test worker] t.c.s.AnnotationConfigContextLoaderUtils : Could not detect default configuration classes for test class [com.slow.book.springboot.web.IndexControllerTest]: IndexControllerTest does not declare any static, non-private, non-final, nested classes annotated with @Configuration.
2020-03-24 18:31:03.348  INFO 5276 --- [    Test worker] .b.t.c.SpringBootTestContextBootstrapper : Found @SpringBootConfiguration com.slow.book.springboot.Application for test class com.slow.book.springboot.web.IndexControllerTest
2020-03-24 18:31:03.352  INFO 5276 --- [    Test worker] .b.t.c.SpringBootTestContextBootstrapper : Loaded default TestExecutionListener class names from location [META-INF/spring.factories]: [org.springframework.boot.test.autoconfigure.restdocs.RestDocsTestExecutionListener, org.springframework.boot.test.autoconfigure.web.client.MockRestServiceServerResetTestExecutionListener, org.springframework.boot.test.autoconfigure.web.servlet.MockMvcPrintOnlyOnFailureTestExecutionListener, org.springframework.boot.test.autoconfigure.web.servlet.WebDriverTestExecutionListener, org.springframework.boot.test.mock.mockito.MockitoTestExecutionListener, org.springframework.boot.test.mock.mockito.ResetMocksTestExecutionListener, org.springframework.test.context.web.ServletTestExecutionListener, org.springframework.test.context.support.DirtiesContextBeforeModesTestExecutionListener, org.springframework.test.context.support.DependencyInjectionTestExecutionListener, org.springframework.test.context.support.DirtiesContextTestExecutionListener, org.springframework.test.context.transaction.TransactionalTestExecutionListener, org.springframework.test.context.jdbc.SqlScriptsTestExecutionListener]
2020-03-24 18:31:03.353  INFO 5276 --- [    Test worker] .b.t.c.SpringBootTestContextBootstrapper : Using TestExecutionListeners: [org.springframework.test.context.web.ServletTestExecutionListener@5abd334, org.springframework.test.context.support.DirtiesContextBeforeModesTestExecutionListener@659c14e2, org.springframework.boot.test.mock.mockito.MockitoTestExecutionListener@74135544, org.springframework.boot.test.autoconfigure.SpringBootDependencyInjectionTestExecutionListener@75b73e9d, org.springframework.test.context.support.DirtiesContextTestExecutionListener@2ede616c, org.springframework.test.context.transaction.TransactionalTestExecutionListener@2b604b51, org.springframework.test.context.jdbc.SqlScriptsTestExecutionListener@45b7820c, org.springframework.boot.test.autoconfigure.restdocs.RestDocsTestExecutionListener@9b81ff1, org.springframework.boot.test.autoconfigure.web.client.MockRestServiceServerResetTestExecutionListener@5430caab, org.springframework.boot.test.autoconfigure.web.servlet.MockMvcPrintOnlyOnFailureTestExecutionListener@7d2339bf, org.springframework.boot.test.autoconfigure.web.servlet.WebDriverTestExecutionListener@47d73f5, org.springframework.boot.test.mock.mockito.ResetMocksTestExecutionListener@4df3b31c]

  .   ____          _            __ _ _
 /\\ / ___'_ __ _ _(_)_ __  __ _ \ \ \ \
( ( )\___ | '_ | '_| | '_ \/ _` | \ \ \ \
 \\/  ___)| |_)| | | | | || (_| |  ) ) ) )
  '  |____| .__|_| |_|_| |_\__, | / / / /
 =========|_|==============|___/=/_/_/_/
 :: Spring Boot ::        (v2.1.7.RELEASE)

2020-03-24 18:31:03.388  INFO 5276 --- [    Test worker] c.s.b.s.web.IndexControllerTest          : Starting IndexControllerTest on DESKTOP-R5N5E11 with PID 5276 (started by icet2 in D:\IntelliJ\projects\TestProject2)
2020-03-24 18:31:03.388  INFO 5276 --- [    Test worker] c.s.b.s.web.IndexControllerTest          : No active profile set, falling back to default profiles: default
2020-03-24 18:31:03.581  INFO 5276 --- [    Test worker] .s.d.r.c.RepositoryConfigurationDelegate : Bootstrapping Spring Data repositories in DEFAULT mode.
2020-03-24 18:31:03.598  INFO 5276 --- [    Test worker] .s.d.r.c.RepositoryConfigurationDelegate : Finished Spring Data repository scanning in 16ms. Found 2 repository interfaces.
2020-03-24 18:31:03.686  INFO 5276 --- [    Test worker] trationDelegate$BeanPostProcessorChecker : Bean 'org.springframework.transaction.annotation.ProxyTransactionManagementConfiguration' of type [org.springframework.transaction.annotation.ProxyTransactionManagementConfiguration$$EnhancerBySpringCGLIB$$4585388b] is not eligible for getting processed by all BeanPostProcessors (for example: not eligible for auto-proxying)
2020-03-24 18:31:04.079  INFO 5276 --- [    Test worker] o.s.b.w.embedded.tomcat.TomcatWebServer  : Tomcat initialized with port(s): 0 (http)
2020-03-24 18:31:04.169  INFO 5276 --- [    Test worker] o.apache.catalina.core.StandardService   : Starting service [Tomcat]
2020-03-24 18:31:04.170  INFO 5276 --- [    Test worker] org.apache.catalina.core.StandardEngine  : Starting Servlet engine: [Apache Tomcat/9.0.22]
2020-03-24 18:31:04.367  INFO 5276 --- [    Test worker] o.a.c.c.C.[Tomcat].[localhost].[/]       : Initializing Spring embedded WebApplicationContext
2020-03-24 18:31:04.367  INFO 5276 --- [    Test worker] o.s.web.context.ContextLoader            : Root WebApplicationContext: initialization completed in 976 ms
2020-03-24 18:31:04.549  INFO 5276 --- [    Test worker] com.zaxxer.hikari.HikariDataSource       : HikariPool-2 - Starting...
2020-03-24 18:31:04.550  INFO 5276 --- [    Test worker] com.zaxxer.hikari.HikariDataSource       : HikariPool-2 - Start completed.
2020-03-24 18:31:04.584  INFO 5276 --- [    Test worker] o.hibernate.jpa.internal.util.LogHelper  : HHH000204: Processing PersistenceUnitInfo [
	name: default
	...]
2020-03-24 18:31:04.594  INFO 5276 --- [    Test worker] org.hibernate.dialect.Dialect            : HHH000400: Using dialect: org.hibernate.dialect.MySQL5InnoDBDialect
Hibernate: drop table if exists posts
Hibernate: drop table if exists user
Hibernate: create table posts (id bigint not null auto_increment, create_date datetime, modified_date datetime, author varchar(255), content TEXT not null, title varchar(500) not null, primary key (id)) engine=InnoDB
Hibernate: create table user (id bigint not null auto_increment, created_date datetime, modified_date datetime, email varchar(255) not null, name varchar(255) not null, picture varchar(255), role varchar(255) not null, primary key (id)) engine=InnoDB
2020-03-24 18:31:04.646  INFO 5276 --- [    Test worker] o.h.t.schema.internal.SchemaCreatorImpl  : HHH000476: Executing import script 'org.hibernate.tool.schema.internal.exec.ScriptSourceInputNonExistentImpl@251b1c4d'
2020-03-24 18:31:04.646  INFO 5276 --- [    Test worker] j.LocalContainerEntityManagerFactoryBean : Initialized JPA EntityManagerFactory for persistence unit 'default'
2020-03-24 18:31:04.951  INFO 5276 --- [    Test worker] o.h.h.i.QueryTranslatorFactoryInitiator  : HHH000397: Using ASTQueryTranslatorFactory
2020-03-24 18:31:05.087  INFO 5276 --- [    Test worker] o.s.s.web.DefaultSecurityFilterChain     : Creating filter chain: any request, [org.springframework.security.web.context.request.async.WebAsyncManagerIntegrationFilter@11bfdb39, org.springframework.security.web.context.SecurityContextPersistenceFilter@248c33b9, org.springframework.security.web.header.HeaderWriterFilter@5be25d, org.springframework.security.web.authentication.logout.LogoutFilter@66e8a219, org.springframework.security.oauth2.client.web.OAuth2AuthorizationRequestRedirectFilter@41c8506f, org.springframework.security.oauth2.client.web.OAuth2LoginAuthenticationFilter@f222046, org.springframework.security.web.authentication.ui.DefaultLoginPageGeneratingFilter@23bc5c2c, org.springframework.security.web.authentication.ui.DefaultLogoutPageGeneratingFilter@919b73d, org.springframework.security.web.savedrequest.RequestCacheAwareFilter@4f3e70eb, org.springframework.security.web.servletapi.SecurityContextHolderAwareRequestFilter@10a82a5b, org.springframework.security.web.authentication.AnonymousAuthenticationFilter@ad1d559, org.springframework.security.web.session.SessionManagementFilter@617a5bb1, org.springframework.security.web.access.ExceptionTranslationFilter@14eff6dd, org.springframework.security.web.access.intercept.FilterSecurityInterceptor@56f9c8e3]
2020-03-24 18:31:05.277  INFO 5276 --- [    Test worker] o.s.s.concurrent.ThreadPoolTaskExecutor  : Initializing ExecutorService 'applicationTaskExecutor'
2020-03-24 18:31:05.289  WARN 5276 --- [    Test worker] aWebConfiguration$JpaWebMvcConfiguration : spring.jpa.open-in-view is enabled by default. Therefore, database queries may be performed during view rendering. Explicitly configure spring.jpa.open-in-view to disable this warning
2020-03-24 18:31:05.314  INFO 5276 --- [    Test worker] o.s.b.a.w.s.WelcomePageHandlerMapping    : Adding welcome page template: index
2020-03-24 18:31:05.564  INFO 5276 --- [    Test worker] s.a.ScheduledAnnotationBeanPostProcessor : No TaskScheduler/ScheduledExecutorService bean found for scheduled processing
2020-03-24 18:31:05.586  INFO 5276 --- [    Test worker] o.s.b.w.embedded.tomcat.TomcatWebServer  : Tomcat started on port(s): 9836 (http) with context path ''
2020-03-24 18:31:05.586  INFO 5276 --- [    Test worker] c.s.b.s.web.IndexControllerTest          : Started IndexControllerTest in 2.232 seconds (JVM running for 14.327)
2020-03-24 18:31:05.686  INFO 5276 --- [o-auto-1-exec-1] o.a.c.c.C.[Tomcat].[localhost].[/]       : Initializing Spring DispatcherServlet 'dispatcherServlet'
2020-03-24 18:31:05.686  INFO 5276 --- [o-auto-1-exec-1] o.s.web.servlet.DispatcherServlet        : Initializing Servlet 'dispatcherServlet'
2020-03-24 18:31:05.716  INFO 5276 --- [o-auto-1-exec-1] o.s.web.servlet.DispatcherServlet        : Completed initialization in 30 ms
Hibernate: select posts0_.id as id1_0_, posts0_.create_date as create_d2_0_, posts0_.modified_date as modified3_0_, posts0_.author as author4_0_, posts0_.content as content5_0_, posts0_.title as title6_0_ from posts posts0_ order by posts0_.id DESC
]]></system-out>
  <system-err><![CDATA[]]></system-err>
</testsuite>
