<?xml version="1.0" encoding="UTF-8"?>
<testsuite name="com.slow.book.springboot.web.IndexControllerTest" tests="1" skipped="0" failures="1" errors="0" timestamp="2020-03-24T05:43:38" hostname="DESKTOP-R5N5E11" time="0.492">
  <properties/>
  <testcase name="메인페이지_로딩" classname="com.slow.book.springboot.web.IndexControllerTest" time="0.492">
    <failure message="java.lang.AssertionError: &#13;&#10;Expecting:&#13;&#10; &lt;&quot;&lt;!DOCTYPE HTML&gt;&#13;&#10;&lt;html&gt;&#13;&#10;&lt;head&gt;&#13;&#10;    &lt;meta http-equiv=&quot;Content-Type&quot; content=&quot;text/html;charset=UTF-8&quot;&gt;&#13;&#10;    &lt;title&gt;Spring Boot WebService&lt;/title&gt;&#13;&#10;&lt;/head&gt;&#13;&#10;&lt;body&gt;&#13;&#10;&lt;!DOCTYPE HTML&gt;&#13;&#10;&lt;html&gt;&#13;&#10;&lt;head&gt;&#13;&#10;    &lt;title&gt;스프링부트 웹서비스&lt;/title&gt;&#13;&#10;    &lt;meta http-equiv=&quot;Content-Type&quot; content=&quot;text/html; charset=UTF-8&quot; /&gt;&#13;&#10;&#13;&#10;    &lt;link rel=&quot;stylesheet&quot; href=&quot;https://stackpath.bootstrapcdn.com/bootstrap/4.3.1/css/bootstrap.min.css&quot;&gt;&#13;&#10;&lt;/head&gt;&#13;&#10;&lt;body&gt;&#13;&#10;&#13;&#10;&lt;h1&gt;스프링부트로 시작하는 웹 서비스 Ver.2&lt;/h1&gt;&#13;&#10;&lt;!-- 로그인 기능 영역 --&gt;&#13;&#10;&lt;div class=&quot;col-md-12&quot;&gt;&#13;&#10;    &lt;div class=&quot;row&quot;&gt;&#13;&#10;        &lt;div class=&quot;col-md-6&quot;&gt;&#13;&#10;            &lt;a href=&quot;/posts/save&quot; role=&quot;button&quot; class=&quot;btn btn-primary&quot;&gt;글 등록&lt;/a&gt;&#13;&#10;                            &lt;!-- 해당 값이 존재하지 않는 경우에는 ^ 를 사용함. 여기서는 userName 이 없다면 로그인 버튼을 노출시키도록 구성함 --&gt;&#13;&#10;                &lt;!-- 스프링 시큐리티에서 기본적으로 제공하는 로그인 URL , 로그아웃 URL 과 마찬가지로 개발자가 별도의 컨트롤러를 생성 할 필요가 없다. --&gt;&#13;&#10;                &lt;a href=&quot;/oauth2/authorization/google&quot; class=&quot;btn btn-success active&quot; role=&quot;button&quot;&gt;Google Login&lt;/a&gt;&#13;&#10;                &lt;!-- 네이버 로그인 URL 은 application-oauth.properties 에 등록한 redirect-uri 값에 맞춰 자동으로 등록 된다 /oauth2/authorization/ 까지는 고정 naver 가 마지막 Path 가 됨. --&gt;&#13;&#10;                &lt;a href=&quot;/oauth2/authorization/naver&quot; class=&quot;btn btn-secondary active&quot; role=&quot;button&quot;&gt;Naver Login&lt;/a&gt;&#13;&#10;        &lt;/div&gt;&#13;&#10;    &lt;/div&gt;&#13;&#10;    &lt;br&gt;&#13;&#10;    &lt;!-- 목록 출력 영역 --&gt;&#13;&#10;    &lt;table class=&quot;table table-horizontal table-bordered&quot;&gt;&#13;&#10;        &lt;thead class=&quot;thead-strong&quot;&gt;&#13;&#10;        &lt;tr&gt;&#13;&#10;            &lt;th&gt;게시글번호&lt;/th&gt;&#13;&#10;            &lt;th&gt;제목&lt;/th&gt;&#13;&#10;            &lt;th&gt;작성자&lt;/th&gt;&#13;&#10;            &lt;th&gt;최종수정일&lt;/th&gt;&#13;&#10;        &lt;/tr&gt;&#13;&#10;        &lt;/thead&gt;&#13;&#10;        &lt;tbody id=&quot;tbody&quot;&gt;&#13;&#10;        &lt;/tbody&gt;&#13;&#10;    &lt;/table&gt;&#13;&#10;&lt;/div&gt;&#13;&#10;&#13;&#10;&lt;script src=&quot;https://code.jquery.com/jquery-3.3.1.min.js&quot;&gt;&lt;/script&gt;&#13;&#10;&lt;script src=&quot;https://stackpath.bootstrapcdn.com/bootstrap/4.3.1/js/bootstrap.min.js&quot;&gt;&lt;/script&gt;&#13;&#10;&#13;&#10;&lt;!--index.js 추가--&gt;&#13;&#10;&lt;script src=&quot;/js/app/index.js&quot;&gt;&lt;/script&gt;&#13;&#10;&lt;/body&gt;&#13;&#10;&lt;/html&gt;&#13;&#10;&lt;/body&gt;&#13;&#10;&lt;/html&gt;&#13;&#10;&quot;&gt;&#13;&#10;to contain:&#13;&#10; &lt;&quot;스프링 부트로 시작하는 웹 서비스&quot;&gt; " type="java.lang.AssertionError">java.lang.AssertionError: 
Expecting:
 &lt;&quot;&lt;!DOCTYPE HTML&gt;
&lt;html&gt;
&lt;head&gt;
    &lt;meta http-equiv=&quot;Content-Type&quot; content=&quot;text/html;charset=UTF-8&quot;&gt;
    &lt;title&gt;Spring Boot WebService&lt;/title&gt;
&lt;/head&gt;
&lt;body&gt;
&lt;!DOCTYPE HTML&gt;
&lt;html&gt;
&lt;head&gt;
    &lt;title&gt;스프링부트 웹서비스&lt;/title&gt;
    &lt;meta http-equiv=&quot;Content-Type&quot; content=&quot;text/html; charset=UTF-8&quot; /&gt;

    &lt;link rel=&quot;stylesheet&quot; href=&quot;https://stackpath.bootstrapcdn.com/bootstrap/4.3.1/css/bootstrap.min.css&quot;&gt;
&lt;/head&gt;
&lt;body&gt;

&lt;h1&gt;스프링부트로 시작하는 웹 서비스 Ver.2&lt;/h1&gt;
&lt;!-- 로그인 기능 영역 --&gt;
&lt;div class=&quot;col-md-12&quot;&gt;
    &lt;div class=&quot;row&quot;&gt;
        &lt;div class=&quot;col-md-6&quot;&gt;
            &lt;a href=&quot;/posts/save&quot; role=&quot;button&quot; class=&quot;btn btn-primary&quot;&gt;글 등록&lt;/a&gt;
                            &lt;!-- 해당 값이 존재하지 않는 경우에는 ^ 를 사용함. 여기서는 userName 이 없다면 로그인 버튼을 노출시키도록 구성함 --&gt;
                &lt;!-- 스프링 시큐리티에서 기본적으로 제공하는 로그인 URL , 로그아웃 URL 과 마찬가지로 개발자가 별도의 컨트롤러를 생성 할 필요가 없다. --&gt;
                &lt;a href=&quot;/oauth2/authorization/google&quot; class=&quot;btn btn-success active&quot; role=&quot;button&quot;&gt;Google Login&lt;/a&gt;
                &lt;!-- 네이버 로그인 URL 은 application-oauth.properties 에 등록한 redirect-uri 값에 맞춰 자동으로 등록 된다 /oauth2/authorization/ 까지는 고정 naver 가 마지막 Path 가 됨. --&gt;
                &lt;a href=&quot;/oauth2/authorization/naver&quot; class=&quot;btn btn-secondary active&quot; role=&quot;button&quot;&gt;Naver Login&lt;/a&gt;
        &lt;/div&gt;
    &lt;/div&gt;
    &lt;br&gt;
    &lt;!-- 목록 출력 영역 --&gt;
    &lt;table class=&quot;table table-horizontal table-bordered&quot;&gt;
        &lt;thead class=&quot;thead-strong&quot;&gt;
        &lt;tr&gt;
            &lt;th&gt;게시글번호&lt;/th&gt;
            &lt;th&gt;제목&lt;/th&gt;
            &lt;th&gt;작성자&lt;/th&gt;
            &lt;th&gt;최종수정일&lt;/th&gt;
        &lt;/tr&gt;
        &lt;/thead&gt;
        &lt;tbody id=&quot;tbody&quot;&gt;
        &lt;/tbody&gt;
    &lt;/table&gt;
&lt;/div&gt;

&lt;script src=&quot;https://code.jquery.com/jquery-3.3.1.min.js&quot;&gt;&lt;/script&gt;
&lt;script src=&quot;https://stackpath.bootstrapcdn.com/bootstrap/4.3.1/js/bootstrap.min.js&quot;&gt;&lt;/script&gt;

&lt;!--index.js 추가--&gt;
&lt;script src=&quot;/js/app/index.js&quot;&gt;&lt;/script&gt;
&lt;/body&gt;
&lt;/html&gt;
&lt;/body&gt;
&lt;/html&gt;
&quot;&gt;
to contain:
 &lt;&quot;스프링 부트로 시작하는 웹 서비스&quot;&gt; 
	at com.slow.book.springboot.web.IndexControllerTest.메인페이지_로딩(IndexControllerTest.java:28)
	at sun.reflect.NativeMethodAccessorImpl.invoke0(Native Method)
	at sun.reflect.NativeMethodAccessorImpl.invoke(NativeMethodAccessorImpl.java:62)
	at sun.reflect.DelegatingMethodAccessorImpl.invoke(DelegatingMethodAccessorImpl.java:43)
	at java.lang.reflect.Method.invoke(Method.java:498)
	at org.junit.runners.model.FrameworkMethod$1.runReflectiveCall(FrameworkMethod.java:50)
	at org.junit.internal.runners.model.ReflectiveCallable.run(ReflectiveCallable.java:12)
	at org.junit.runners.model.FrameworkMethod.invokeExplosively(FrameworkMethod.java:47)
	at org.junit.internal.runners.statements.InvokeMethod.evaluate(InvokeMethod.java:17)
	at org.springframework.test.context.junit4.statements.RunBeforeTestExecutionCallbacks.evaluate(RunBeforeTestExecutionCallbacks.java:74)
	at org.springframework.test.context.junit4.statements.RunAfterTestExecutionCallbacks.evaluate(RunAfterTestExecutionCallbacks.java:84)
	at org.springframework.test.context.junit4.statements.RunBeforeTestMethodCallbacks.evaluate(RunBeforeTestMethodCallbacks.java:75)
	at org.springframework.test.context.junit4.statements.RunAfterTestMethodCallbacks.evaluate(RunAfterTestMethodCallbacks.java:86)
	at org.springframework.test.context.junit4.statements.SpringRepeat.evaluate(SpringRepeat.java:84)
	at org.junit.runners.ParentRunner.runLeaf(ParentRunner.java:325)
	at org.springframework.test.context.junit4.SpringJUnit4ClassRunner.runChild(SpringJUnit4ClassRunner.java:251)
	at org.springframework.test.context.junit4.SpringJUnit4ClassRunner.runChild(SpringJUnit4ClassRunner.java:97)
	at org.junit.runners.ParentRunner$3.run(ParentRunner.java:290)
	at org.junit.runners.ParentRunner$1.schedule(ParentRunner.java:71)
	at org.junit.runners.ParentRunner.runChildren(ParentRunner.java:288)
	at org.junit.runners.ParentRunner.access$000(ParentRunner.java:58)
	at org.junit.runners.ParentRunner$2.evaluate(ParentRunner.java:268)
	at org.springframework.test.context.junit4.statements.RunBeforeTestClassCallbacks.evaluate(RunBeforeTestClassCallbacks.java:61)
	at org.springframework.test.context.junit4.statements.RunAfterTestClassCallbacks.evaluate(RunAfterTestClassCallbacks.java:70)
	at org.junit.runners.ParentRunner.run(ParentRunner.java:363)
	at org.springframework.test.context.junit4.SpringJUnit4ClassRunner.run(SpringJUnit4ClassRunner.java:190)
	at org.gradle.api.internal.tasks.testing.junit.JUnitTestClassExecutor.runTestClass(JUnitTestClassExecutor.java:106)
	at org.gradle.api.internal.tasks.testing.junit.JUnitTestClassExecutor.execute(JUnitTestClassExecutor.java:58)
	at org.gradle.api.internal.tasks.testing.junit.JUnitTestClassExecutor.execute(JUnitTestClassExecutor.java:38)
	at org.gradle.api.internal.tasks.testing.junit.AbstractJUnitTestClassProcessor.processTestClass(AbstractJUnitTestClassProcessor.java:66)
	at org.gradle.api.internal.tasks.testing.SuiteTestClassProcessor.processTestClass(SuiteTestClassProcessor.java:51)
	at sun.reflect.NativeMethodAccessorImpl.invoke0(Native Method)
	at sun.reflect.NativeMethodAccessorImpl.invoke(NativeMethodAccessorImpl.java:62)
	at sun.reflect.DelegatingMethodAccessorImpl.invoke(DelegatingMethodAccessorImpl.java:43)
	at java.lang.reflect.Method.invoke(Method.java:498)
	at org.gradle.internal.dispatch.ReflectionDispatch.dispatch(ReflectionDispatch.java:35)
	at org.gradle.internal.dispatch.ReflectionDispatch.dispatch(ReflectionDispatch.java:24)
	at org.gradle.internal.dispatch.ContextClassLoaderDispatch.dispatch(ContextClassLoaderDispatch.java:32)
	at org.gradle.internal.dispatch.ProxyDispatchAdapter$DispatchingInvocationHandler.invoke(ProxyDispatchAdapter.java:93)
	at com.sun.proxy.$Proxy2.processTestClass(Unknown Source)
	at org.gradle.api.internal.tasks.testing.worker.TestWorker.processTestClass(TestWorker.java:117)
	at sun.reflect.NativeMethodAccessorImpl.invoke0(Native Method)
	at sun.reflect.NativeMethodAccessorImpl.invoke(NativeMethodAccessorImpl.java:62)
	at sun.reflect.DelegatingMethodAccessorImpl.invoke(DelegatingMethodAccessorImpl.java:43)
	at java.lang.reflect.Method.invoke(Method.java:498)
	at org.gradle.internal.dispatch.ReflectionDispatch.dispatch(ReflectionDispatch.java:35)
	at org.gradle.internal.dispatch.ReflectionDispatch.dispatch(ReflectionDispatch.java:24)
	at org.gradle.internal.remote.internal.hub.MessageHubBackedObjectConnection$DispatchWrapper.dispatch(MessageHubBackedObjectConnection.java:155)
	at org.gradle.internal.remote.internal.hub.MessageHubBackedObjectConnection$DispatchWrapper.dispatch(MessageHubBackedObjectConnection.java:137)
	at org.gradle.internal.remote.internal.hub.MessageHub$Handler.run(MessageHub.java:404)
	at org.gradle.internal.concurrent.ExecutorPolicy$CatchAndRecordFailures.onExecute(ExecutorPolicy.java:63)
	at org.gradle.internal.concurrent.ManagedExecutorImpl$1.run(ManagedExecutorImpl.java:46)
	at java.util.concurrent.ThreadPoolExecutor.runWorker(ThreadPoolExecutor.java:1149)
	at java.util.concurrent.ThreadPoolExecutor$Worker.run(ThreadPoolExecutor.java:624)
	at org.gradle.internal.concurrent.ThreadFactoryImpl$ManagedThreadRunnable.run(ThreadFactoryImpl.java:55)
	at java.lang.Thread.run(Thread.java:748)
</failure>
  </testcase>
  <system-out><![CDATA[14:43:30.349 [Test worker] DEBUG org.springframework.test.context.junit4.SpringJUnit4ClassRunner - SpringJUnit4ClassRunner constructor called with [class com.slow.book.springboot.web.IndexControllerTest]
14:43:30.362 [Test worker] DEBUG org.springframework.test.context.BootstrapUtils - Instantiating CacheAwareContextLoaderDelegate from class [org.springframework.test.context.cache.DefaultCacheAwareContextLoaderDelegate]
14:43:30.385 [Test worker] DEBUG org.springframework.test.context.BootstrapUtils - Instantiating BootstrapContext using constructor [public org.springframework.test.context.support.DefaultBootstrapContext(java.lang.Class,org.springframework.test.context.CacheAwareContextLoaderDelegate)]
14:43:30.410 [Test worker] DEBUG org.springframework.test.context.BootstrapUtils - Instantiating TestContextBootstrapper for test class [com.slow.book.springboot.web.IndexControllerTest] from class [org.springframework.boot.test.context.SpringBootTestContextBootstrapper]
14:43:30.429 [Test worker] INFO org.springframework.boot.test.context.SpringBootTestContextBootstrapper - Neither @ContextConfiguration nor @ContextHierarchy found for test class [com.slow.book.springboot.web.IndexControllerTest], using SpringBootContextLoader
14:43:30.433 [Test worker] DEBUG org.springframework.test.context.support.AbstractContextLoader - Did not detect default resource location for test class [com.slow.book.springboot.web.IndexControllerTest]: class path resource [com/slow/book/springboot/web/IndexControllerTest-context.xml] does not exist
14:43:30.433 [Test worker] DEBUG org.springframework.test.context.support.AbstractContextLoader - Did not detect default resource location for test class [com.slow.book.springboot.web.IndexControllerTest]: class path resource [com/slow/book/springboot/web/IndexControllerTestContext.groovy] does not exist
14:43:30.434 [Test worker] INFO org.springframework.test.context.support.AbstractContextLoader - Could not detect default resource locations for test class [com.slow.book.springboot.web.IndexControllerTest]: no resource found for suffixes {-context.xml, Context.groovy}.
14:43:30.435 [Test worker] INFO org.springframework.test.context.support.AnnotationConfigContextLoaderUtils - Could not detect default configuration classes for test class [com.slow.book.springboot.web.IndexControllerTest]: IndexControllerTest does not declare any static, non-private, non-final, nested classes annotated with @Configuration.
14:43:30.486 [Test worker] DEBUG org.springframework.test.context.support.ActiveProfilesUtils - Could not find an 'annotation declaring class' for annotation type [org.springframework.test.context.ActiveProfiles] and class [com.slow.book.springboot.web.IndexControllerTest]
14:43:30.631 [Test worker] DEBUG org.springframework.context.annotation.ClassPathScanningCandidateComponentProvider - Identified candidate component class: file [D:\IntelliJ\projects\TestProject2\build\classes\java\main\com\slow\book\springboot\Application.class]
14:43:30.633 [Test worker] INFO org.springframework.boot.test.context.SpringBootTestContextBootstrapper - Found @SpringBootConfiguration com.slow.book.springboot.Application for test class com.slow.book.springboot.web.IndexControllerTest
14:43:30.759 [Test worker] DEBUG org.springframework.boot.test.context.SpringBootTestContextBootstrapper - @TestExecutionListeners is not present for class [com.slow.book.springboot.web.IndexControllerTest]: using defaults.
14:43:30.760 [Test worker] INFO org.springframework.boot.test.context.SpringBootTestContextBootstrapper - Loaded default TestExecutionListener class names from location [META-INF/spring.factories]: [org.springframework.boot.test.autoconfigure.restdocs.RestDocsTestExecutionListener, org.springframework.boot.test.autoconfigure.web.client.MockRestServiceServerResetTestExecutionListener, org.springframework.boot.test.autoconfigure.web.servlet.MockMvcPrintOnlyOnFailureTestExecutionListener, org.springframework.boot.test.autoconfigure.web.servlet.WebDriverTestExecutionListener, org.springframework.boot.test.mock.mockito.MockitoTestExecutionListener, org.springframework.boot.test.mock.mockito.ResetMocksTestExecutionListener, org.springframework.test.context.web.ServletTestExecutionListener, org.springframework.test.context.support.DirtiesContextBeforeModesTestExecutionListener, org.springframework.test.context.support.DependencyInjectionTestExecutionListener, org.springframework.test.context.support.DirtiesContextTestExecutionListener, org.springframework.test.context.transaction.TransactionalTestExecutionListener, org.springframework.test.context.jdbc.SqlScriptsTestExecutionListener]
14:43:30.792 [Test worker] INFO org.springframework.boot.test.context.SpringBootTestContextBootstrapper - Using TestExecutionListeners: [org.springframework.test.context.web.ServletTestExecutionListener@1a73bf8c, org.springframework.test.context.support.DirtiesContextBeforeModesTestExecutionListener@602b5825, org.springframework.boot.test.mock.mockito.MockitoTestExecutionListener@51c4329f, org.springframework.boot.test.autoconfigure.SpringBootDependencyInjectionTestExecutionListener@6cc47b8b, org.springframework.test.context.support.DirtiesContextTestExecutionListener@6bcc2640, org.springframework.test.context.transaction.TransactionalTestExecutionListener@519ca16c, org.springframework.test.context.jdbc.SqlScriptsTestExecutionListener@213c310a, org.springframework.boot.test.autoconfigure.restdocs.RestDocsTestExecutionListener@6e6b1e85, org.springframework.boot.test.autoconfigure.web.client.MockRestServiceServerResetTestExecutionListener@641fdb2e, org.springframework.boot.test.autoconfigure.web.servlet.MockMvcPrintOnlyOnFailureTestExecutionListener@503c8100, org.springframework.boot.test.autoconfigure.web.servlet.WebDriverTestExecutionListener@10c84e6c, org.springframework.boot.test.mock.mockito.ResetMocksTestExecutionListener@26e1f5c6]
14:43:30.794 [Test worker] DEBUG org.springframework.test.annotation.ProfileValueUtils - Retrieved @ProfileValueSourceConfiguration [null] for test class [com.slow.book.springboot.web.IndexControllerTest]
14:43:30.795 [Test worker] DEBUG org.springframework.test.annotation.ProfileValueUtils - Retrieved ProfileValueSource type [class org.springframework.test.annotation.SystemProfileValueSource] for class [com.slow.book.springboot.web.IndexControllerTest]
14:43:30.796 [Test worker] DEBUG org.springframework.test.annotation.ProfileValueUtils - Retrieved @ProfileValueSourceConfiguration [null] for test class [com.slow.book.springboot.web.IndexControllerTest]
14:43:30.796 [Test worker] DEBUG org.springframework.test.annotation.ProfileValueUtils - Retrieved ProfileValueSource type [class org.springframework.test.annotation.SystemProfileValueSource] for class [com.slow.book.springboot.web.IndexControllerTest]
14:43:30.802 [Test worker] DEBUG org.springframework.test.context.support.AbstractDirtiesContextTestExecutionListener - Before test class: context [DefaultTestContext@67205721 testClass = IndexControllerTest, testInstance = [null], testMethod = [null], testException = [null], mergedContextConfiguration = [WebMergedContextConfiguration@600ba615 testClass = IndexControllerTest, locations = '{}', classes = '{class com.slow.book.springboot.Application}', contextInitializerClasses = '[]', activeProfiles = '{}', propertySourceLocations = '{}', propertySourceProperties = '{org.springframework.boot.test.context.SpringBootTestContextBootstrapper=true, server.port=0}', contextCustomizers = set[org.springframework.boot.test.autoconfigure.properties.PropertyMappingContextCustomizer@0, org.springframework.boot.test.autoconfigure.web.servlet.WebDriverContextCustomizerFactory$Customizer@4210a3ab, org.springframework.boot.test.context.filter.ExcludeFilterContextCustomizer@6938c916, org.springframework.boot.test.json.DuplicateJsonObjectContextCustomizerFactory$DuplicateJsonObjectContextCustomizer@305e113d, org.springframework.boot.test.mock.mockito.MockitoContextCustomizer@0, org.springframework.boot.test.web.client.TestRestTemplateContextCustomizer@2c7f36c5], resourceBasePath = 'src/main/webapp', contextLoader = 'org.springframework.boot.test.context.SpringBootContextLoader', parent = [null]], attributes = map['org.springframework.test.context.web.ServletTestExecutionListener.activateListener' -> false]], class annotated with @DirtiesContext [false] with mode [null].
14:43:30.803 [Test worker] DEBUG org.springframework.test.annotation.ProfileValueUtils - Retrieved @ProfileValueSourceConfiguration [null] for test class [com.slow.book.springboot.web.IndexControllerTest]
14:43:30.803 [Test worker] DEBUG org.springframework.test.annotation.ProfileValueUtils - Retrieved ProfileValueSource type [class org.springframework.test.annotation.SystemProfileValueSource] for class [com.slow.book.springboot.web.IndexControllerTest]
14:43:30.810 [Test worker] DEBUG org.springframework.test.context.support.DependencyInjectionTestExecutionListener - Performing dependency injection for test context [[DefaultTestContext@67205721 testClass = IndexControllerTest, testInstance = com.slow.book.springboot.web.IndexControllerTest@63903be1, testMethod = [null], testException = [null], mergedContextConfiguration = [WebMergedContextConfiguration@600ba615 testClass = IndexControllerTest, locations = '{}', classes = '{class com.slow.book.springboot.Application}', contextInitializerClasses = '[]', activeProfiles = '{}', propertySourceLocations = '{}', propertySourceProperties = '{org.springframework.boot.test.context.SpringBootTestContextBootstrapper=true, server.port=0}', contextCustomizers = set[org.springframework.boot.test.autoconfigure.properties.PropertyMappingContextCustomizer@0, org.springframework.boot.test.autoconfigure.web.servlet.WebDriverContextCustomizerFactory$Customizer@4210a3ab, org.springframework.boot.test.context.filter.ExcludeFilterContextCustomizer@6938c916, org.springframework.boot.test.json.DuplicateJsonObjectContextCustomizerFactory$DuplicateJsonObjectContextCustomizer@305e113d, org.springframework.boot.test.mock.mockito.MockitoContextCustomizer@0, org.springframework.boot.test.web.client.TestRestTemplateContextCustomizer@2c7f36c5], resourceBasePath = 'src/main/webapp', contextLoader = 'org.springframework.boot.test.context.SpringBootContextLoader', parent = [null]], attributes = map['org.springframework.test.context.web.ServletTestExecutionListener.activateListener' -> false]]].
14:43:30.834 [Test worker] DEBUG org.springframework.test.context.support.TestPropertySourceUtils - Adding inlined properties to environment: {spring.jmx.enabled=false, org.springframework.boot.test.context.SpringBootTestContextBootstrapper=true, server.port=0}

  .   ____          _            __ _ _
 /\\ / ___'_ __ _ _(_)_ __  __ _ \ \ \ \
( ( )\___ | '_ | '_| | '_ \/ _` | \ \ \ \
 \\/  ___)| |_)| | | | | || (_| |  ) ) ) )
  '  |____| .__|_| |_|_| |_\__, | / / / /
 =========|_|==============|___/=/_/_/_/
 :: Spring Boot ::        (v2.1.7.RELEASE)

2020-03-24 14:43:31.177  INFO 10836 --- [    Test worker] c.s.b.s.web.IndexControllerTest          : Starting IndexControllerTest on DESKTOP-R5N5E11 with PID 10836 (started by icet2 in D:\IntelliJ\projects\TestProject2)
2020-03-24 14:43:31.187  INFO 10836 --- [    Test worker] c.s.b.s.web.IndexControllerTest          : The following profiles are active: oauth
2020-03-24 14:43:32.287  INFO 10836 --- [    Test worker] .s.d.r.c.RepositoryConfigurationDelegate : Bootstrapping Spring Data repositories in DEFAULT mode.
2020-03-24 14:43:32.381  INFO 10836 --- [    Test worker] .s.d.r.c.RepositoryConfigurationDelegate : Finished Spring Data repository scanning in 84ms. Found 2 repository interfaces.
2020-03-24 14:43:32.924  INFO 10836 --- [    Test worker] trationDelegate$BeanPostProcessorChecker : Bean 'org.springframework.transaction.annotation.ProxyTransactionManagementConfiguration' of type [org.springframework.transaction.annotation.ProxyTransactionManagementConfiguration$$EnhancerBySpringCGLIB$$7a4e8c53] is not eligible for getting processed by all BeanPostProcessors (for example: not eligible for auto-proxying)
2020-03-24 14:43:33.383  INFO 10836 --- [    Test worker] o.s.b.w.embedded.tomcat.TomcatWebServer  : Tomcat initialized with port(s): 0 (http)
2020-03-24 14:43:33.414  INFO 10836 --- [    Test worker] o.apache.catalina.core.StandardService   : Starting service [Tomcat]
2020-03-24 14:43:33.414  INFO 10836 --- [    Test worker] org.apache.catalina.core.StandardEngine  : Starting Servlet engine: [Apache Tomcat/9.0.22]
2020-03-24 14:43:33.591  INFO 10836 --- [    Test worker] o.a.c.c.C.[Tomcat].[localhost].[/]       : Initializing Spring embedded WebApplicationContext
2020-03-24 14:43:33.591  INFO 10836 --- [    Test worker] o.s.web.context.ContextLoader            : Root WebApplicationContext: initialization completed in 2382 ms
2020-03-24 14:43:33.942  INFO 10836 --- [    Test worker] com.zaxxer.hikari.HikariDataSource       : HikariPool-1 - Starting...
2020-03-24 14:43:34.134  INFO 10836 --- [    Test worker] com.zaxxer.hikari.HikariDataSource       : HikariPool-1 - Start completed.
2020-03-24 14:43:34.259  INFO 10836 --- [    Test worker] o.hibernate.jpa.internal.util.LogHelper  : HHH000204: Processing PersistenceUnitInfo [
	name: default
	...]
2020-03-24 14:43:34.353  INFO 10836 --- [    Test worker] org.hibernate.Version                    : HHH000412: Hibernate Core {5.3.10.Final}
2020-03-24 14:43:34.356  INFO 10836 --- [    Test worker] org.hibernate.cfg.Environment            : HHH000206: hibernate.properties not found
2020-03-24 14:43:34.606  INFO 10836 --- [    Test worker] o.hibernate.annotations.common.Version   : HCANN000001: Hibernate Commons Annotations {5.0.4.Final}
2020-03-24 14:43:34.853  INFO 10836 --- [    Test worker] org.hibernate.dialect.Dialect            : HHH000400: Using dialect: org.hibernate.dialect.MySQL5InnoDBDialect
Hibernate: drop table if exists posts
Hibernate: drop table if exists user
Hibernate: create table posts (id bigint not null auto_increment, create_date datetime, modified_date datetime, author varchar(255), content TEXT not null, title varchar(500) not null, primary key (id)) engine=InnoDB
Hibernate: create table user (id bigint not null auto_increment, created_date datetime, modified_date datetime, email varchar(255) not null, name varchar(255) not null, picture varchar(255), role varchar(255) not null, primary key (id)) engine=InnoDB
2020-03-24 14:43:35.761  INFO 10836 --- [    Test worker] o.h.t.schema.internal.SchemaCreatorImpl  : HHH000476: Executing import script 'org.hibernate.tool.schema.internal.exec.ScriptSourceInputNonExistentImpl@68dfc053'
2020-03-24 14:43:35.766  INFO 10836 --- [    Test worker] j.LocalContainerEntityManagerFactoryBean : Initialized JPA EntityManagerFactory for persistence unit 'default'
2020-03-24 14:43:36.784  INFO 10836 --- [    Test worker] o.h.h.i.QueryTranslatorFactoryInitiator  : HHH000397: Using ASTQueryTranslatorFactory
2020-03-24 14:43:37.318  INFO 10836 --- [    Test worker] o.s.s.web.DefaultSecurityFilterChain     : Creating filter chain: any request, [org.springframework.security.web.context.request.async.WebAsyncManagerIntegrationFilter@7b0cae94, org.springframework.security.web.context.SecurityContextPersistenceFilter@c209bfa, org.springframework.security.web.header.HeaderWriterFilter@57b2193b, org.springframework.security.web.authentication.logout.LogoutFilter@e4b0f69, org.springframework.security.oauth2.client.web.OAuth2AuthorizationRequestRedirectFilter@52073b4f, org.springframework.security.oauth2.client.web.OAuth2LoginAuthenticationFilter@bfeed4b, org.springframework.security.web.authentication.ui.DefaultLoginPageGeneratingFilter@2e24a82f, org.springframework.security.web.authentication.ui.DefaultLogoutPageGeneratingFilter@253e341e, org.springframework.security.web.savedrequest.RequestCacheAwareFilter@7d55fb1b, org.springframework.security.web.servletapi.SecurityContextHolderAwareRequestFilter@61682d38, org.springframework.security.web.authentication.AnonymousAuthenticationFilter@49c2aeed, org.springframework.security.web.session.SessionManagementFilter@45526433, org.springframework.security.web.access.ExceptionTranslationFilter@42289959, org.springframework.security.web.access.intercept.FilterSecurityInterceptor@68ab2039]
2020-03-24 14:43:37.821  INFO 10836 --- [    Test worker] o.s.s.concurrent.ThreadPoolTaskExecutor  : Initializing ExecutorService 'applicationTaskExecutor'
2020-03-24 14:43:37.890  WARN 10836 --- [    Test worker] aWebConfiguration$JpaWebMvcConfiguration : spring.jpa.open-in-view is enabled by default. Therefore, database queries may be performed during view rendering. Explicitly configure spring.jpa.open-in-view to disable this warning
2020-03-24 14:43:37.949  INFO 10836 --- [    Test worker] o.s.b.a.w.s.WelcomePageHandlerMapping    : Adding welcome page template: index
2020-03-24 14:43:38.428  INFO 10836 --- [    Test worker] s.a.ScheduledAnnotationBeanPostProcessor : No TaskScheduler/ScheduledExecutorService bean found for scheduled processing
2020-03-24 14:43:38.479  INFO 10836 --- [    Test worker] o.s.b.w.embedded.tomcat.TomcatWebServer  : Tomcat started on port(s): 7324 (http) with context path ''
2020-03-24 14:43:38.481  INFO 10836 --- [    Test worker] c.s.b.s.web.IndexControllerTest          : Started IndexControllerTest in 7.646 seconds (JVM running for 8.883)
2020-03-24 14:43:38.682  INFO 10836 --- [o-auto-1-exec-1] o.a.c.c.C.[Tomcat].[localhost].[/]       : Initializing Spring DispatcherServlet 'dispatcherServlet'
2020-03-24 14:43:38.682  INFO 10836 --- [o-auto-1-exec-1] o.s.web.servlet.DispatcherServlet        : Initializing Servlet 'dispatcherServlet'
2020-03-24 14:43:38.709  INFO 10836 --- [o-auto-1-exec-1] o.s.web.servlet.DispatcherServlet        : Completed initialization in 27 ms
Hibernate: select posts0_.id as id1_0_, posts0_.create_date as create_d2_0_, posts0_.modified_date as modified3_0_, posts0_.author as author4_0_, posts0_.content as content5_0_, posts0_.title as title6_0_ from posts posts0_ order by posts0_.id DESC
]]></system-out>
  <system-err><![CDATA[]]></system-err>
</testsuite>
