<?xml version="1.0" encoding="UTF-8"?>
<testsuite name="com.slow.book.springboot.web.PostsApiControllerTest" tests="2" skipped="0" failures="0" errors="0" timestamp="2020-03-24T13:42:34" hostname="DESKTOP-R5N5E11" time="0.161">
  <properties/>
  <testcase name="Posts_등록된다" classname="com.slow.book.springboot.web.PostsApiControllerTest" time="0.111"/>
  <testcase name="Posts_수정된다" classname="com.slow.book.springboot.web.PostsApiControllerTest" time="0.049"/>
  <system-out><![CDATA[2020-03-24 22:42:34.567  INFO 10676 --- [    Test worker] .b.t.c.SpringBootTestContextBootstrapper : Neither @ContextConfiguration nor @ContextHierarchy found for test class [com.slow.book.springboot.web.PostsApiControllerTest], using SpringBootContextLoader
2020-03-24 22:42:34.568  INFO 10676 --- [    Test worker] o.s.t.c.support.AbstractContextLoader    : Could not detect default resource locations for test class [com.slow.book.springboot.web.PostsApiControllerTest]: no resource found for suffixes {-context.xml, Context.groovy}.
2020-03-24 22:42:34.568  INFO 10676 --- [    Test worker] t.c.s.AnnotationConfigContextLoaderUtils : Could not detect default configuration classes for test class [com.slow.book.springboot.web.PostsApiControllerTest]: PostsApiControllerTest does not declare any static, non-private, non-final, nested classes annotated with @Configuration.
2020-03-24 22:42:34.570  INFO 10676 --- [    Test worker] .b.t.c.SpringBootTestContextBootstrapper : Found @SpringBootConfiguration com.slow.book.springboot.Application for test class com.slow.book.springboot.web.PostsApiControllerTest
2020-03-24 22:42:34.573  INFO 10676 --- [    Test worker] .b.t.c.SpringBootTestContextBootstrapper : Loaded default TestExecutionListener class names from location [META-INF/spring.factories]: [org.springframework.security.test.context.support.WithSecurityContextTestExecutionListener, org.springframework.security.test.context.support.ReactorContextTestExecutionListener, org.springframework.boot.test.autoconfigure.restdocs.RestDocsTestExecutionListener, org.springframework.boot.test.autoconfigure.web.client.MockRestServiceServerResetTestExecutionListener, org.springframework.boot.test.autoconfigure.web.servlet.MockMvcPrintOnlyOnFailureTestExecutionListener, org.springframework.boot.test.autoconfigure.web.servlet.WebDriverTestExecutionListener, org.springframework.boot.test.mock.mockito.MockitoTestExecutionListener, org.springframework.boot.test.mock.mockito.ResetMocksTestExecutionListener, org.springframework.test.context.web.ServletTestExecutionListener, org.springframework.test.context.support.DirtiesContextBeforeModesTestExecutionListener, org.springframework.test.context.support.DependencyInjectionTestExecutionListener, org.springframework.test.context.support.DirtiesContextTestExecutionListener, org.springframework.test.context.transaction.TransactionalTestExecutionListener, org.springframework.test.context.jdbc.SqlScriptsTestExecutionListener]
2020-03-24 22:42:34.574  INFO 10676 --- [    Test worker] .b.t.c.SpringBootTestContextBootstrapper : Using TestExecutionListeners: [org.springframework.test.context.web.ServletTestExecutionListener@71f696c4, org.springframework.test.context.support.DirtiesContextBeforeModesTestExecutionListener@57120eb8, org.springframework.boot.test.mock.mockito.MockitoTestExecutionListener@702004b0, org.springframework.boot.test.autoconfigure.SpringBootDependencyInjectionTestExecutionListener@1b1dde1d, org.springframework.test.context.support.DirtiesContextTestExecutionListener@5e983b0c, org.springframework.test.context.transaction.TransactionalTestExecutionListener@19b899a9, org.springframework.test.context.jdbc.SqlScriptsTestExecutionListener@694d1baa, org.springframework.security.test.context.support.WithSecurityContextTestExecutionListener@1cd5dda8, org.springframework.security.test.context.support.ReactorContextTestExecutionListener@30ad565, org.springframework.boot.test.autoconfigure.restdocs.RestDocsTestExecutionListener@5ea2717c, org.springframework.boot.test.autoconfigure.web.client.MockRestServiceServerResetTestExecutionListener@5fb3b149, org.springframework.boot.test.autoconfigure.web.servlet.MockMvcPrintOnlyOnFailureTestExecutionListener@6db91f8a, org.springframework.boot.test.autoconfigure.web.servlet.WebDriverTestExecutionListener@384d4ea5, org.springframework.boot.test.mock.mockito.ResetMocksTestExecutionListener@75a9f141]
2020-03-24 22:42:34.585  INFO 10676 --- [    Test worker] o.a.c.c.C.[Tomcat].[localhost].[/]       : Initializing Spring TestDispatcherServlet ''
2020-03-24 22:42:34.585  INFO 10676 --- [    Test worker] o.s.t.web.servlet.TestDispatcherServlet  : Initializing Servlet ''
2020-03-24 22:42:34.588  INFO 10676 --- [    Test worker] o.s.t.web.servlet.TestDispatcherServlet  : Completed initialization in 3 ms
Hibernate: insert into posts (create_date, modified_date, author, content, title) values (?, ?, ?, ?, ?)
Hibernate: select posts0_.id as id1_0_, posts0_.create_date as create_d2_0_, posts0_.modified_date as modified3_0_, posts0_.author as author4_0_, posts0_.content as content5_0_, posts0_.title as title6_0_ from posts posts0_
Hibernate: select posts0_.id as id1_0_, posts0_.create_date as create_d2_0_, posts0_.modified_date as modified3_0_, posts0_.author as author4_0_, posts0_.content as content5_0_, posts0_.title as title6_0_ from posts posts0_
Hibernate: delete from posts where id=?
2020-03-24 22:42:34.693  INFO 10676 --- [    Test worker] o.a.c.c.C.[Tomcat].[localhost].[/]       : Initializing Spring TestDispatcherServlet ''
2020-03-24 22:42:34.693  INFO 10676 --- [    Test worker] o.s.t.web.servlet.TestDispatcherServlet  : Initializing Servlet ''
2020-03-24 22:42:34.698  INFO 10676 --- [    Test worker] o.s.t.web.servlet.TestDispatcherServlet  : Completed initialization in 5 ms
Hibernate: insert into posts (create_date, modified_date, author, content, title) values (?, ?, ?, ?, ?)
Hibernate: select posts0_.id as id1_0_0_, posts0_.create_date as create_d2_0_0_, posts0_.modified_date as modified3_0_0_, posts0_.author as author4_0_0_, posts0_.content as content5_0_0_, posts0_.title as title6_0_0_ from posts posts0_ where posts0_.id=?
Hibernate: update posts set create_date=?, modified_date=?, author=?, content=?, title=? where id=?
Hibernate: select posts0_.id as id1_0_, posts0_.create_date as create_d2_0_, posts0_.modified_date as modified3_0_, posts0_.author as author4_0_, posts0_.content as content5_0_, posts0_.title as title6_0_ from posts posts0_
Hibernate: select posts0_.id as id1_0_, posts0_.create_date as create_d2_0_, posts0_.modified_date as modified3_0_, posts0_.author as author4_0_, posts0_.content as content5_0_, posts0_.title as title6_0_ from posts posts0_
Hibernate: delete from posts where id=?
]]></system-out>
  <system-err><![CDATA[]]></system-err>
</testsuite>
